#
# A fatal error has been detected by the Java Runtime Environment:
#
#  EXCEPTION_ACCESS_VIOLATION (0xc0000005) at pc=0x00007ffd7eeec6c1, pid=15380, tid=13048
#
# JRE version: OpenJDK Runtime Environment (21.0.7) (build 21.0.7+-13880790-b1038.58)
# Java VM: OpenJDK 64-Bit Server VM (21.0.7+-13880790-b1038.58, mixed mode, tiered, compressed oops, compressed class ptrs, g1 gc, windows-amd64)
# Problematic frame:
# V  [jvm.dll+0x5dc6c1]
#
# No core dump will be written. Minidumps are not enabled by default on client versions of Windows
#
# If you would like to submit a bug report, please visit:
#   https://youtrack.jetbrains.com/issues/JBR
#

---------------  S U M M A R Y ------------

Command Line: --add-opens=java.base/java.lang=ALL-UNNAMED --add-opens=java.base/java.lang.invoke=ALL-UNNAMED --add-opens=java.base/java.util=ALL-UNNAMED --add-opens=java.prefs/java.util.prefs=ALL-UNNAMED --add-exports=jdk.compiler/com.sun.tools.javac.api=ALL-UNNAMED --add-exports=jdk.compiler/com.sun.tools.javac.util=ALL-UNNAMED --add-opens=java.base/java.util=ALL-UNNAMED --add-opens=java.prefs/java.util.prefs=ALL-UNNAMED --add-opens=java.base/java.nio.charset=ALL-UNNAMED --add-opens=java.base/java.net=ALL-UNNAMED --add-opens=java.base/java.util.concurrent.atomic=ALL-UNNAMED --add-opens=java.xml/javax.xml.namespace=ALL-UNNAMED -Xmx2048m -Dfile.encoding=UTF-8 -Duser.country=GB -Duser.language=en -Duser.variant -javaagent:C:\Users\pascal\.gradle\wrapper\dists\gradle-8.14.3-bin\cv11ve7ro1n3o1j4so8xd9n66\gradle-8.14.3\lib\agents\gradle-instrumentation-agent-8.14.3.jar org.gradle.launcher.daemon.bootstrap.GradleDaemon 8.14.3

Host: AMD Ryzen 7 2700X Eight-Core Processor         , 16 cores, 31G,  Windows 11 , 64 bit Build 26100 (10.0.26100.5074)
Time: Tue Sep 23 14:08:35 2025 W. Europe Summer Time elapsed time: 6.689321 seconds (0d 0h 0m 6s)

---------------  T H R E A D  ---------------

Current thread (0x00000204264d2e60):  JavaThread "C2 CompilerThread0" daemon [_thread_in_native, id=13048, stack(0x000000aa54200000,0x000000aa54300000) (1024K)]


Current CompileTask:
C2:6689 6591   !   4       java.net.URLClassLoader::findClass (47 bytes)

Stack: [0x000000aa54200000,0x000000aa54300000],  sp=0x000000aa542fc710,  free space=1009k
Native frames: (J=compiled Java code, j=interpreted, Vv=VM code, C=native code)
V  [jvm.dll+0x5dc6c1]
V  [jvm.dll+0x5dce32]
V  [jvm.dll+0x1de3e0]
V  [jvm.dll+0x247fc4]
V  [jvm.dll+0x247441]
V  [jvm.dll+0x1c5fb4]
V  [jvm.dll+0x256bac]
V  [jvm.dll+0x2550f6]
V  [jvm.dll+0x3f1d16]
V  [jvm.dll+0x808d08]
V  [jvm.dll+0x6d0e1d]
C  [ucrtbase.dll+0x37b0]
C  [KERNEL32.DLL+0x2e8d7]
C  [ntdll.dll+0x8d9c]


siginfo: EXCEPTION_ACCESS_VIOLATION (0xc0000005), reading address 0x00000204713adde0


Registers:
RAX=0x00000204713adde0, RBX=0x0000000000000001, RCX=0x0000000000000000, RDX=0x0000020426bf66a0
RSP=0x000000aa542fc710, RBP=0x0000000000000002, RSI=0x0000000000000000, RDI=0x000002042ed0f828
R8 =0x00007ffd7f4a9220, R9 =0x0000000000000001, R10=0x00000000000271a0, R11=0x00000000000003e9
R12=0x00000204313addd0, R13=0x000000aa542fc9f0, R14=0x0000000000000000, R15=0x000002043007d760
RIP=0x00007ffd7eeec6c1, EFLAGS=0x0000000000010202

XMM[0]=0x0000000000000000 0x0000000000000000
XMM[1]=0xffffffffffffffff 0xfffe50528fff02a0
XMM[2]=0xa9805525d39395ff 0xffc242bfffffffff
XMM[3]=0x0000000000000000 0x0000000000000000
XMM[4]=0x0000000000000000 0x0000000000000000
XMM[5]=0x22abffffffffffff 0xffffffffffffffff
XMM[6]=0x0000000000000000 0x0000000000000000
XMM[7]=0x0000000000000000 0x0000000000000000
XMM[8]=0x0000000000000000 0x0000000000000000
XMM[9]=0x0000000000000000 0x0000000000000000
XMM[10]=0x0000000000000000 0x0000000000000000
XMM[11]=0x0000000000000000 0x0000000000000000
XMM[12]=0x0000000000000000 0x0000000000000000
XMM[13]=0x0000000000000000 0x0000000000000000
XMM[14]=0x0000000000000000 0x0000000000000000
XMM[15]=0x0000000000000000 0x0000000000000000
  MXCSR=0x00001fa0


Register to memory mapping:

RAX=0x00000204713adde0 is an unknown value
RBX=0x0000000000000001 is an unknown value
RCX=0x0 is null
RDX=0x0000020426bf66a0 points into unknown readable memory: 0x0000000000000002 | 02 00 00 00 00 00 00 00
RSP=0x000000aa542fc710 is pointing into the stack for thread: 0x00000204264d2e60
RBP=0x0000000000000002 is an unknown value
RSI=0x0 is null
RDI=0x000002042ed0f828 points into unknown readable memory: 0x0000000000000000 | 00 00 00 00 00 00 00 00
R8 =0x00007ffd7f4a9220 jvm.dll
R9 =0x0000000000000001 is an unknown value
R10=0x00000000000271a0 is an unknown value
R11=0x00000000000003e9 is an unknown value
R12=0x00000204313addd0 points into unknown readable memory: 0x0000000000000000 | 00 00 00 00 00 00 00 00
R13=0x000000aa542fc9f0 is pointing into the stack for thread: 0x00000204264d2e60
R14=0x0 is null
R15=0x000002043007d760 points into unknown readable memory: 0x0000000100000001 | 01 00 00 00 01 00 00 00

Top of Stack: (sp=0x000000aa542fc710)
0x000000aa542fc710:   0000000000000001 000002042ed0f828
0x000000aa542fc720:   000000aa542fe1f0 0000020426228230
0x000000aa542fc730:   000000000185002e 0000000100000001
0x000000aa542fc740:   0000000300000001 0000020426bf5c20
0x000000aa542fc750:   000002042ed0fbf8 000002042ed0fbe8
0x000000aa542fc760:   00000204313abf30 000002042cd845f0
0x000000aa542fc770:   0000000000000000 000002042ed0fbe8
0x000000aa542fc780:   0000000000000001 0000000000000008
0x000000aa542fc790:   000000aa542fc9f0 000000aa542fc859
0x000000aa542fc7a0:   000002042cd84320 00007ffd7eeece32
0x000000aa542fc7b0:   00000204313addd0 000000aa542fc7f0
0x000000aa542fc7c0:   000002042cd845f0 0000000000000000
0x000000aa542fc7d0:   000000aa542fc848 00007ffd7f12c430
0x000000aa542fc7e0:   0000020426480860 0000000000000008
0x000000aa542fc7f0:   0000020400000008 0000020426453150
0x000000aa542fc800:   000002042ed0d830 0000020400000000
0x000000aa542fc810:   0000020426228264 0000020426228250
0x000000aa542fc820:   0000020426453150 000002043031ead0
0x000000aa542fc830:   0000000000187768 00000204303214f0
0x000000aa542fc840:   0000020430326ab8 000000aa00000020
0x000000aa542fc850:   000002042ed0fc88 00007ffd00000020
0x000000aa542fc860:   0000020426453150 0000000000000000
0x000000aa542fc870:   0000000000000001 000002042d840650
0x000000aa542fc880:   00000000000003d8 000002042d840a38
0x000000aa542fc890:   000002042d840660 0000000000000000
0x000000aa542fc8a0:   000000aa542fcde0 000000aa542fcd00
0x000000aa542fc8b0:   000000aa542fc9c0 00007ffd7eaee3e0
0x000000aa542fc8c0:   000000aa000001b5 000000aa00000002
0x000000aa542fc8d0:   000002042cd84320 000002042ed0fbe8
0x000000aa542fc8e0:   0000000000000000 00007ffdbe4e6561
0x000000aa542fc8f0:   000000aa542fca07 000002042d840650
0x000000aa542fc900:   0000020426bf0820 0000020426bf67d0 

Instructions: (pc=0x00007ffd7eeec6c1)
0x00007ffd7eeec5c1:   48 8b f8 83 3e 00 0f 84 6e 01 00 00 48 8b 46 08
0x00007ffd7eeec5d1:   4c 8d 05 48 cc 5b 00 8b 4e 04 33 d2 4c 8b a4 24
0x00007ffd7eeec5e1:   a0 00 00 00 8b da 48 89 54 24 20 89 54 24 28 48
0x00007ffd7eeec5f1:   89 54 24 38 48 89 44 24 40 48 c7 44 24 2c 04 00
0x00007ffd7eeec601:   00 00 89 4c 24 34 48 89 74 24 48 4c 89 74 24 60
0x00007ffd7eeec611:   48 85 d2 74 19 48 0f bc c2 8b c8 48 d3 ea 48 ff
0x00007ffd7eeec621:   ca 03 d8 48 89 54 24 20 89 5c 24 28 eb 28 83 7c
0x00007ffd7eeec631:   24 2c 04 72 0e 8b 44 24 34 39 44 24 30 0f 83 da
0x00007ffd7eeec641:   00 00 00 48 8d 4c 24 20 e8 f2 f6 dd ff 8b d8 4c
0x00007ffd7eeec651:   8d 05 c9 cb 5b 00 85 db 0f 84 bf 00 00 00 8b c3
0x00007ffd7eeec661:   48 c1 e8 08 8b f3 4c 8d 34 c5 00 00 00 00 49 8b
0x00007ffd7eeec671:   47 08 49 8b 14 06 49 3b d0 75 14 8b d3 49 8b cf
0x00007ffd7eeec681:   e8 7a f8 dd ff 48 8b d0 4c 8d 05 90 cb 5b 00 40
0x00007ffd7eeec691:   0f b6 ce bd 01 00 00 00 48 c1 ee 06 80 e1 3f 83
0x00007ffd7eeec6a1:   e6 03 48 d3 e5 48 8b 0c f2 48 8b c1 48 0b c5 48
0x00007ffd7eeec6b1:   89 04 f2 48 85 cd 75 47 41 ff 07 49 8b 44 24 08
0x00007ffd7eeec6c1:   4a 8b 0c 30 48 85 2c f1 75 35 48 8b 47 08 49 8b
0x00007ffd7eeec6d1:   14 06 49 3b d0 75 14 8b d3 48 8b cf e8 1e f8 dd
0x00007ffd7eeec6e1:   ff 48 8b d0 4c 8d 05 34 cb 5b 00 48 8b 0c f2 48
0x00007ffd7eeec6f1:   8b c1 48 0b c5 48 89 04 f2 48 85 cd 74 0f 90 8b
0x00007ffd7eeec701:   5c 24 28 48 8b 54 24 20 e9 03 ff ff ff ff 07 8b
0x00007ffd7eeec711:   5c 24 28 48 8b 54 24 20 e9 f3 fe ff ff 4c 8b a4
0x00007ffd7eeec721:   24 b0 00 00 00 48 8b 9c 24 b8 00 00 00 48 8b ac
0x00007ffd7eeec731:   24 a8 00 00 00 4c 8b 74 24 60 83 3f 00 4c 8b 7c
0x00007ffd7eeec741:   24 58 48 8b 74 24 68 74 52 41 8b 4c 24 4c 49 8b
0x00007ffd7eeec751:   45 28 ff c9 48 89 3c c8 48 85 db 75 4d 41 8b 4c
0x00007ffd7eeec761:   24 4c 8b c1 4c 8b 84 24 c0 00 00 00 c1 e8 05 41
0x00007ffd7eeec771:   3b 00 73 36 8b d0 83 e1 1f 49 8b 40 08 8b 04 90
0x00007ffd7eeec781:   0f a3 c8 73 25 49 8b d4 48 8b cd 48 83 c4 70 41
0x00007ffd7eeec791:   5d 41 5c 5f 5d 5b e9 44 24 b6 ff 49 8b 45 30 48
0x00007ffd7eeec7a1:   89 87 98 00 00 00 49 89 7d 30 48 83 c4 70 41 5d
0x00007ffd7eeec7b1:   41 5c 5f 5d 5b c3 cc cc cc cc cc cc cc cc cc 40 


Stack slot to memory mapping:

stack at sp + 0 slots: 0x0000000000000001 is an unknown value
stack at sp + 1 slots: 0x000002042ed0f828 points into unknown readable memory: 0x0000000000000000 | 00 00 00 00 00 00 00 00
stack at sp + 2 slots: 0x000000aa542fe1f0 is pointing into the stack for thread: 0x00000204264d2e60
stack at sp + 3 slots: 0x0000020426228230 points into unknown readable memory: 0x0000000000000000 | 00 00 00 00 00 00 00 00
stack at sp + 4 slots: 0x000000000185002e is an unknown value
stack at sp + 5 slots: 0x0000000100000001 is pointing into metadata
stack at sp + 6 slots: 0x0000000300000001 is an unknown value
stack at sp + 7 slots: 0x0000020426bf5c20 points into unknown readable memory: 0x00000000030a005e | 5e 00 0a 03 00 00 00 00


---------------  P R O C E S S  ---------------

Threads class SMR info:
_java_thread_list=0x000002042c90c7f0, length=58, elements={
0x000002040e09bae0, 0x0000020426474f10, 0x0000020426486320, 0x000002042649fe50,
0x00000204264b8190, 0x00000204264b8bf0, 0x00000204264b9650, 0x00000204264c20c0,
0x00000204264d2e60, 0x00000204264d4910, 0x00000204267ae540, 0x00000204268b3350,
0x0000020426a46e70, 0x000002042b724040, 0x000002042c441300, 0x000002042c4fa990,
0x000002042c4bfc80, 0x000002042c473310, 0x000002042c47ba10, 0x000002042c50a060,
0x000002042c61e050, 0x000002042c620e40, 0x000002042c61fa90, 0x000002042c61e6e0,
0x000002042c6214d0, 0x000002042c620120, 0x000002042c61ed70, 0x000002042c6207b0,
0x000002042faa7aa0, 0x000002042faa94e0, 0x000002042faa8130, 0x000002042faa87c0,
0x000002042faa7410, 0x000002042faa66f0, 0x000002042faa6060, 0x000002042faa6d80,
0x00000204306ad120, 0x00000204306ae4d0, 0x00000204306aca90, 0x00000204306ac400,
0x00000204306af1f0, 0x00000204306ad7b0, 0x00000204306abd70, 0x00000204306aff10,
0x00000204306b05a0, 0x00000204306b0c30, 0x00000204306b12c0, 0x00000204306af880,
0x00000204306ade40, 0x00000204306b1950, 0x00000204306b1fe0, 0x00000204306b3390,
0x00000204306b2d00, 0x00000204306b2670, 0x000002042ff38180, 0x000002042d88ff30,
0x000002042d891a70, 0x000002042d88f190
}

Java Threads: ( => current thread )
  0x000002040e09bae0 JavaThread "main"                              [_thread_blocked, id=19084, stack(0x000000aa53300000,0x000000aa53400000) (1024K)]
  0x0000020426474f10 JavaThread "Common-Cleaner"             daemon [_thread_blocked, id=3172, stack(0x000000aa53b00000,0x000000aa53c00000) (1024K)]
  0x0000020426486320 JavaThread "Reference Handler"          daemon [_thread_blocked, id=19560, stack(0x000000aa53c00000,0x000000aa53d00000) (1024K)]
  0x000002042649fe50 JavaThread "Finalizer"                  daemon [_thread_blocked, id=1868, stack(0x000000aa53d00000,0x000000aa53e00000) (1024K)]
  0x00000204264b8190 JavaThread "Signal Dispatcher"          daemon [_thread_blocked, id=9080, stack(0x000000aa53e00000,0x000000aa53f00000) (1024K)]
  0x00000204264b8bf0 JavaThread "Attach Listener"            daemon [_thread_blocked, id=3840, stack(0x000000aa53f00000,0x000000aa54000000) (1024K)]
  0x00000204264b9650 JavaThread "Service Thread"             daemon [_thread_blocked, id=15896, stack(0x000000aa54000000,0x000000aa54100000) (1024K)]
  0x00000204264c20c0 JavaThread "Monitor Deflation Thread"   daemon [_thread_blocked, id=21032, stack(0x000000aa54100000,0x000000aa54200000) (1024K)]
=>0x00000204264d2e60 JavaThread "C2 CompilerThread0"         daemon [_thread_in_native, id=13048, stack(0x000000aa54200000,0x000000aa54300000) (1024K)]
  0x00000204264d4910 JavaThread "C1 CompilerThread0"         daemon [_thread_blocked, id=12540, stack(0x000000aa54300000,0x000000aa54400000) (1024K)]
  0x00000204267ae540 JavaThread "C1 CompilerThread1"         daemon [_thread_blocked, id=15908, stack(0x000000aa54400000,0x000000aa54500000) (1024K)]
  0x00000204268b3350 JavaThread "Notification Thread"        daemon [_thread_blocked, id=19168, stack(0x000000aa54500000,0x000000aa54600000) (1024K)]
  0x0000020426a46e70 JavaThread "C1 CompilerThread2"         daemon [_thread_blocked, id=16316, stack(0x000000aa55500000,0x000000aa55600000) (1024K)]
  0x000002042b724040 JavaThread "C1 CompilerThread3"         daemon [_thread_in_native, id=3676, stack(0x000000aa55600000,0x000000aa55700000) (1024K)]
  0x000002042c441300 JavaThread "Daemon health stats"               [_thread_blocked, id=18828, stack(0x000000aa54800000,0x000000aa54900000) (1024K)]
  0x000002042c4fa990 JavaThread "Incoming local TCP Connector on port 52425"        [_thread_in_native, id=12196, stack(0x000000aa54900000,0x000000aa54a00000) (1024K)]
  0x000002042c4bfc80 JavaThread "Daemon periodic checks"            [_thread_blocked, id=11008, stack(0x000000aa55700000,0x000000aa55800000) (1024K)]
  0x000002042c473310 JavaThread "Daemon"                            [_thread_blocked, id=19208, stack(0x000000aa55800000,0x000000aa55900000) (1024K)]
  0x000002042c47ba10 JavaThread "Handler for socket connection from /127.0.0.1:52425 to /127.0.0.1:52426"        [_thread_in_native, id=7696, stack(0x000000aa55900000,0x000000aa55a00000) (1024K)]
  0x000002042c50a060 JavaThread "Cancel handler"                    [_thread_blocked, id=2888, stack(0x000000aa55a00000,0x000000aa55b00000) (1024K)]
  0x000002042c61e050 JavaThread "Daemon worker"                     [_thread_in_vm, id=9324, stack(0x000000aa55b00000,0x000000aa55c00000) (1024K)]
  0x000002042c620e40 JavaThread "Asynchronous log dispatcher for DefaultDaemonConnection: socket connection from /127.0.0.1:52425 to /127.0.0.1:52426"        [_thread_blocked, id=19308, stack(0x000000aa55c00000,0x000000aa55d00000) (1024K)]
  0x000002042c61fa90 JavaThread "Stdin handler"                     [_thread_blocked, id=10024, stack(0x000000aa55d00000,0x000000aa55e00000) (1024K)]
  0x000002042c61e6e0 JavaThread "Daemon client event forwarder"        [_thread_blocked, id=1760, stack(0x000000aa55e00000,0x000000aa55f00000) (1024K)]
  0x000002042c6214d0 JavaThread "Cache worker for journal cache (C:\Users\pascal\.gradle\caches\journal-1)"        [_thread_blocked, id=20472, stack(0x000000aa56200000,0x000000aa56300000) (1024K)]
  0x000002042c620120 JavaThread "File lock request listener"        [_thread_in_native, id=12392, stack(0x000000aa56300000,0x000000aa56400000) (1024K)]
  0x000002042c61ed70 JavaThread "Cache worker for file hash cache (C:\Users\pascal\.gradle\caches\8.14.3\fileHashes)"        [_thread_blocked, id=11204, stack(0x000000aa54600000,0x000000aa54700000) (1024K)]
  0x000002042c6207b0 JavaThread "Cache worker for file hash cache (C:\Users\pascal\AndroidStudioProjects\YoloFly\.gradle\8.14.3\fileHashes)"        [_thread_blocked, id=992, stack(0x000000aa56600000,0x000000aa56700000) (1024K)]
  0x000002042faa7aa0 JavaThread "Cache worker for Build Output Cleanup Cache (C:\Users\pascal\AndroidStudioProjects\YoloFly\.gradle\buildOutputCleanup)"        [_thread_blocked, id=20700, stack(0x000000aa56700000,0x000000aa56800000) (1024K)]
  0x000002042faa94e0 JavaThread "File watcher server"        daemon [_thread_in_native, id=3628, stack(0x000000aa56800000,0x000000aa56900000) (1024K)]
  0x000002042faa8130 JavaThread "File watcher consumer"      daemon [_thread_blocked, id=15080, stack(0x000000aa56900000,0x000000aa56a00000) (1024K)]
  0x000002042faa87c0 JavaThread "jar transforms"                    [_thread_blocked, id=13380, stack(0x000000aa56a00000,0x000000aa56b00000) (1024K)]
  0x000002042faa7410 JavaThread "jar transforms Thread 2"           [_thread_blocked, id=14548, stack(0x000000aa56b00000,0x000000aa56c00000) (1024K)]
  0x000002042faa66f0 JavaThread "Cache worker for checksums cache (C:\Users\pascal\AndroidStudioProjects\YoloFly\.gradle\8.14.3\checksums)"        [_thread_blocked, id=8084, stack(0x000000aa56c00000,0x000000aa56d00000) (1024K)]
  0x000002042faa6060 JavaThread "Cache worker for file content cache (C:\Users\pascal\.gradle\caches\8.14.3\fileContent)"        [_thread_blocked, id=6040, stack(0x000000aa56d00000,0x000000aa56e00000) (1024K)]
  0x000002042faa6d80 JavaThread "jar transforms Thread 3"           [_thread_blocked, id=8740, stack(0x000000aa56e00000,0x000000aa56f00000) (1024K)]
  0x00000204306ad120 JavaThread "Cache worker for cache directory md-supplier (C:\Users\pascal\.gradle\caches\8.14.3\md-supplier)"        [_thread_blocked, id=10572, stack(0x000000aa56f00000,0x000000aa57000000) (1024K)]
  0x00000204306ae4d0 JavaThread "Cache worker for cache directory md-rule (C:\Users\pascal\.gradle\caches\8.14.3\md-rule)"        [_thread_blocked, id=10484, stack(0x000000aa57000000,0x000000aa57100000) (1024K)]
  0x00000204306aca90 JavaThread "Unconstrained build operations"        [_thread_blocked, id=8768, stack(0x000000aa57100000,0x000000aa57200000) (1024K)]
  0x00000204306ac400 JavaThread "Unconstrained build operations Thread 2"        [_thread_blocked, id=14996, stack(0x000000aa57200000,0x000000aa57300000) (1024K)]
  0x00000204306af1f0 JavaThread "Unconstrained build operations Thread 3"        [_thread_blocked, id=11732, stack(0x000000aa57300000,0x000000aa57400000) (1024K)]
  0x00000204306ad7b0 JavaThread "Unconstrained build operations Thread 4"        [_thread_blocked, id=21384, stack(0x000000aa57400000,0x000000aa57500000) (1024K)]
  0x00000204306abd70 JavaThread "Unconstrained build operations Thread 5"        [_thread_blocked, id=19856, stack(0x000000aa57500000,0x000000aa57600000) (1024K)]
  0x00000204306aff10 JavaThread "Unconstrained build operations Thread 6"        [_thread_blocked, id=11664, stack(0x000000aa57600000,0x000000aa57700000) (1024K)]
  0x00000204306b05a0 JavaThread "Unconstrained build operations Thread 7"        [_thread_blocked, id=1860, stack(0x000000aa57700000,0x000000aa57800000) (1024K)]
  0x00000204306b0c30 JavaThread "Unconstrained build operations Thread 8"        [_thread_blocked, id=8492, stack(0x000000aa57800000,0x000000aa57900000) (1024K)]
  0x00000204306b12c0 JavaThread "jar transforms Thread 4"           [_thread_blocked, id=7780, stack(0x000000aa57900000,0x000000aa57a00000) (1024K)]
  0x00000204306af880 JavaThread "jar transforms Thread 5"           [_thread_blocked, id=10064, stack(0x000000aa57a00000,0x000000aa57b00000) (1024K)]
  0x00000204306ade40 JavaThread "Unconstrained build operations Thread 9"        [_thread_blocked, id=3392, stack(0x000000aa57b00000,0x000000aa57c00000) (1024K)]
  0x00000204306b1950 JavaThread "Unconstrained build operations Thread 10"        [_thread_blocked, id=6800, stack(0x000000aa57c00000,0x000000aa57d00000) (1024K)]
  0x00000204306b1fe0 JavaThread "Unconstrained build operations Thread 11"        [_thread_blocked, id=12112, stack(0x000000aa57d00000,0x000000aa57e00000) (1024K)]
  0x00000204306b3390 JavaThread "Unconstrained build operations Thread 12"        [_thread_blocked, id=19460, stack(0x000000aa57e00000,0x000000aa57f00000) (1024K)]
  0x00000204306b2d00 JavaThread "jar transforms Thread 6"           [_thread_blocked, id=18636, stack(0x000000aa57f00000,0x000000aa58000000) (1024K)]
  0x00000204306b2670 JavaThread "jar transforms Thread 7"           [_thread_blocked, id=17984, stack(0x000000aa58000000,0x000000aa58100000) (1024K)]
  0x000002042ff38180 JavaThread "jar transforms Thread 8"           [_thread_blocked, id=19808, stack(0x000000aa58100000,0x000000aa58200000) (1024K)]
  0x000002042d88ff30 JavaThread "C2 CompilerThread1"         daemon [_thread_in_native, id=7064, stack(0x000000aa54700000,0x000000aa54800000) (1024K)]
  0x000002042d891a70 JavaThread "C2 CompilerThread2"         daemon [_thread_in_native, id=19568, stack(0x000000aa56400000,0x000000aa56500000) (1024K)]
  0x000002042d88f190 JavaThread "C2 CompilerThread3"         daemon [_thread_in_native, id=18656, stack(0x000000aa56500000,0x000000aa56600000) (1024K)]
Total: 58

Other Threads:
  0x000002042642fd20 VMThread "VM Thread"                           [id=21176, stack(0x000000aa53a00000,0x000000aa53b00000) (1024K)]
  0x0000020426233010 WatcherThread "VM Periodic Task Thread"        [id=20796, stack(0x000000aa53900000,0x000000aa53a00000) (1024K)]
  0x000002040e0f5e20 WorkerThread "GC Thread#0"                     [id=18604, stack(0x000000aa53400000,0x000000aa53500000) (1024K)]
  0x0000020426cf8c10 WorkerThread "GC Thread#1"                     [id=20204, stack(0x000000aa54a00000,0x000000aa54b00000) (1024K)]
  0x0000020426b30790 WorkerThread "GC Thread#2"                     [id=12000, stack(0x000000aa54b00000,0x000000aa54c00000) (1024K)]
  0x0000020426f6e200 WorkerThread "GC Thread#3"                     [id=13952, stack(0x000000aa54c00000,0x000000aa54d00000) (1024K)]
  0x0000020426f6e5a0 WorkerThread "GC Thread#4"                     [id=21416, stack(0x000000aa54d00000,0x000000aa54e00000) (1024K)]
  0x0000020426f6e940 WorkerThread "GC Thread#5"                     [id=13948, stack(0x000000aa54e00000,0x000000aa54f00000) (1024K)]
  0x0000020426d6fad0 WorkerThread "GC Thread#6"                     [id=15252, stack(0x000000aa54f00000,0x000000aa55000000) (1024K)]
  0x0000020426d6fe70 WorkerThread "GC Thread#7"                     [id=11656, stack(0x000000aa55000000,0x000000aa55100000) (1024K)]
  0x0000020426d70210 WorkerThread "GC Thread#8"                     [id=17404, stack(0x000000aa55100000,0x000000aa55200000) (1024K)]
  0x0000020426d705b0 WorkerThread "GC Thread#9"                     [id=21216, stack(0x000000aa55200000,0x000000aa55300000) (1024K)]
  0x0000020426cc24e0 WorkerThread "GC Thread#10"                    [id=15900, stack(0x000000aa55300000,0x000000aa55400000) (1024K)]
  0x0000020426c60b10 WorkerThread "GC Thread#11"                    [id=8224, stack(0x000000aa55400000,0x000000aa55500000) (1024K)]
  0x0000020426c615f0 WorkerThread "GC Thread#12"                    [id=17620, stack(0x000000aa55f00000,0x000000aa56000000) (1024K)]
  0x000002040e106d10 ConcurrentGCThread "G1 Main Marker"            [id=6476, stack(0x000000aa53500000,0x000000aa53600000) (1024K)]
  0x000002040e1083f0 WorkerThread "G1 Conc#0"                       [id=4564, stack(0x000000aa53600000,0x000000aa53700000) (1024K)]
  0x0000020426c5fc90 WorkerThread "G1 Conc#1"                       [id=4788, stack(0x000000aa56000000,0x000000aa56100000) (1024K)]
  0x0000020426c60030 WorkerThread "G1 Conc#2"                       [id=20400, stack(0x000000aa56100000,0x000000aa56200000) (1024K)]
  0x0000020426225060 ConcurrentGCThread "G1 Refine#0"               [id=20792, stack(0x000000aa53700000,0x000000aa53800000) (1024K)]
  0x0000020426226890 ConcurrentGCThread "G1 Service"                [id=12440, stack(0x000000aa53800000,0x000000aa53900000) (1024K)]
Total: 21

Threads with active compile tasks:
C2 CompilerThread0  6772 6591   !   4       java.net.URLClassLoader::findClass (47 bytes)
C1 CompilerThread1  6772 6672       1       org.objectweb.asm.SymbolTable::getSource (5 bytes)
C1 CompilerThread3  6772 6669       3       org.objectweb.asm.ClassReader::readCode (5117 bytes)
Total: 3

VM state: not at safepoint (normal execution)

VM Mutex/Monitor currently owned by a thread: None

Heap address: 0x0000000080000000, size: 2048 MB, Compressed Oops mode: 32-bit

CDS archive(s) not mapped
Compressed class space mapped at: 0x0000000100000000-0x0000000140000000, reserved size: 1073741824
Narrow klass base: 0x0000000000000000, Narrow klass shift: 3, Narrow klass range: 0x140000000

GC Precious Log:
 CardTable entry size: 512
 Card Set container configuration: InlinePtr #cards 5 size 8 Array Of Cards #cards 12 size 40 Howl #buckets 4 coarsen threshold 1843 Howl Bitmap #cards 512 size 80 coarsen threshold 460 Card regions per heap region 1 cards per card region 2048
 CPUs: 16 total, 16 available
 Memory: 32679M
 Large Page Support: Disabled
 NUMA Support: Disabled
 Compressed Oops: Enabled (32-bit)
 Heap Region Size: 1M
 Heap Min Capacity: 8M
 Heap Initial Capacity: 512M
 Heap Max Capacity: 2G
 Pre-touch: Disabled
 Parallel Workers: 13
 Concurrent Workers: 3
 Concurrent Refinement Workers: 13
 Periodic GC: Disabled

Heap:
 garbage-first heap   total 143360K, used 56988K [0x0000000080000000, 0x0000000100000000)
  region size 1024K, 16 young (16384K), 4 survivors (4096K)
 Metaspace       used 69983K, committed 71744K, reserved 1114112K
  class space    used 9715K, committed 10560K, reserved 1048576K

Heap Regions: E=young(eden), S=young(survivor), O=old, HS=humongous(starts), HC=humongous(continues), CS=collection set, F=free, TAMS=top-at-mark-start, PB=parsable bottom
|   0|0x0000000080000000, 0x0000000080100000, 0x0000000080100000|100%|HS|  |TAMS 0x0000000080000000| PB 0x0000000080000000| Complete 
|   1|0x0000000080100000, 0x0000000080200000, 0x0000000080200000|100%|HC|  |TAMS 0x0000000080100000| PB 0x0000000080100000| Complete 
|   2|0x0000000080200000, 0x0000000080300000, 0x0000000080300000|100%|HC|  |TAMS 0x0000000080200000| PB 0x0000000080200000| Complete 
|   3|0x0000000080300000, 0x0000000080400000, 0x0000000080400000|100%| O|  |TAMS 0x0000000080300000| PB 0x0000000080300000| Untracked 
|   4|0x0000000080400000, 0x0000000080500000, 0x0000000080500000|100%| O|  |TAMS 0x0000000080400000| PB 0x0000000080400000| Untracked 
|   5|0x0000000080500000, 0x0000000080600000, 0x0000000080600000|100%|HS|  |TAMS 0x0000000080500000| PB 0x0000000080500000| Complete 
|   6|0x0000000080600000, 0x0000000080700000, 0x0000000080700000|100%| O|  |TAMS 0x0000000080600000| PB 0x0000000080600000| Untracked 
|   7|0x0000000080700000, 0x0000000080800000, 0x0000000080800000|100%| O|  |TAMS 0x0000000080700000| PB 0x0000000080700000| Untracked 
|   8|0x0000000080800000, 0x0000000080900000, 0x0000000080900000|100%| O|  |TAMS 0x0000000080800000| PB 0x0000000080800000| Untracked 
|   9|0x0000000080900000, 0x0000000080a00000, 0x0000000080a00000|100%| O|  |TAMS 0x0000000080900000| PB 0x0000000080900000| Untracked 
|  10|0x0000000080a00000, 0x0000000080b00000, 0x0000000080b00000|100%| O|  |TAMS 0x0000000080a00000| PB 0x0000000080a00000| Untracked 
|  11|0x0000000080b00000, 0x0000000080c00000, 0x0000000080c00000|100%| O|  |TAMS 0x0000000080b00000| PB 0x0000000080b00000| Untracked 
|  12|0x0000000080c00000, 0x0000000080d00000, 0x0000000080d00000|100%| O|  |TAMS 0x0000000080c00000| PB 0x0000000080c00000| Untracked 
|  13|0x0000000080d00000, 0x0000000080e00000, 0x0000000080e00000|100%| O|  |TAMS 0x0000000080d00000| PB 0x0000000080d00000| Untracked 
|  14|0x0000000080e00000, 0x0000000080f00000, 0x0000000080f00000|100%| O|  |TAMS 0x0000000080e00000| PB 0x0000000080e00000| Untracked 
|  15|0x0000000080f00000, 0x0000000081000000, 0x0000000081000000|100%| O|  |TAMS 0x0000000080f00000| PB 0x0000000080f00000| Untracked 
|  16|0x0000000081000000, 0x0000000081100000, 0x0000000081100000|100%| O|  |TAMS 0x0000000081000000| PB 0x0000000081000000| Untracked 
|  17|0x0000000081100000, 0x0000000081200000, 0x0000000081200000|100%| O|  |TAMS 0x0000000081100000| PB 0x0000000081100000| Untracked 
|  18|0x0000000081200000, 0x0000000081300000, 0x0000000081300000|100%| O|  |TAMS 0x0000000081200000| PB 0x0000000081200000| Untracked 
|  19|0x0000000081300000, 0x0000000081400000, 0x0000000081400000|100%| O|  |TAMS 0x0000000081300000| PB 0x0000000081300000| Untracked 
|  20|0x0000000081400000, 0x0000000081500000, 0x0000000081500000|100%| O|  |TAMS 0x0000000081400000| PB 0x0000000081400000| Untracked 
|  21|0x0000000081500000, 0x0000000081600000, 0x0000000081600000|100%| O|  |TAMS 0x0000000081500000| PB 0x0000000081500000| Untracked 
|  22|0x0000000081600000, 0x0000000081700000, 0x0000000081700000|100%| O|  |TAMS 0x0000000081600000| PB 0x0000000081600000| Untracked 
|  23|0x0000000081700000, 0x0000000081800000, 0x0000000081800000|100%| O|  |TAMS 0x0000000081700000| PB 0x0000000081700000| Untracked 
|  24|0x0000000081800000, 0x00000000818c60c0, 0x0000000081900000| 77%| O|Cm|TAMS 0x0000000081800000| PB 0x0000000081800000| Complete 
|  25|0x0000000081900000, 0x0000000081a00000, 0x0000000081a00000|100%| O|  |TAMS 0x0000000081900000| PB 0x0000000081900000| Untracked 
|  26|0x0000000081a00000, 0x0000000081b00000, 0x0000000081b00000|100%| O|  |TAMS 0x0000000081a00000| PB 0x0000000081a00000| Untracked 
|  27|0x0000000081b00000, 0x0000000081c00000, 0x0000000081c00000|100%| O|  |TAMS 0x0000000081b00000| PB 0x0000000081b00000| Untracked 
|  28|0x0000000081c00000, 0x0000000081d00000, 0x0000000081d00000|100%| O|  |TAMS 0x0000000081c00000| PB 0x0000000081c00000| Untracked 
|  29|0x0000000081d00000, 0x0000000081e00000, 0x0000000081e00000|100%| O|  |TAMS 0x0000000081d00000| PB 0x0000000081d00000| Untracked 
|  30|0x0000000081e00000, 0x0000000081f00000, 0x0000000081f00000|100%| O|  |TAMS 0x0000000081e00000| PB 0x0000000081e00000| Untracked 
|  31|0x0000000081f00000, 0x0000000082000000, 0x0000000082000000|100%| O|  |TAMS 0x0000000081f00000| PB 0x0000000081f00000| Untracked 
|  32|0x0000000082000000, 0x0000000082100000, 0x0000000082100000|100%| O|  |TAMS 0x0000000082000000| PB 0x0000000082000000| Untracked 
|  33|0x0000000082100000, 0x0000000082200000, 0x0000000082200000|100%| O|  |TAMS 0x0000000082100000| PB 0x0000000082100000| Untracked 
|  34|0x0000000082200000, 0x00000000822e7d40, 0x0000000082300000| 90%| O|  |TAMS 0x0000000082200000| PB 0x0000000082200000| Untracked 
|  35|0x0000000082300000, 0x0000000082400000, 0x0000000082400000|100%| O|  |TAMS 0x0000000082300000| PB 0x0000000082300000| Untracked 
|  36|0x0000000082400000, 0x0000000082500000, 0x0000000082500000|100%| O|  |TAMS 0x0000000082400000| PB 0x0000000082400000| Untracked 
|  37|0x0000000082500000, 0x0000000082600000, 0x0000000082600000|100%| O|  |TAMS 0x0000000082500000| PB 0x0000000082500000| Untracked 
|  38|0x0000000082600000, 0x0000000082700000, 0x0000000082700000|100%| O|  |TAMS 0x0000000082600000| PB 0x0000000082600000| Untracked 
|  39|0x0000000082700000, 0x0000000082700000, 0x0000000082800000|  0%| F|  |TAMS 0x0000000082700000| PB 0x0000000082700000| Untracked 
|  40|0x0000000082800000, 0x0000000082800000, 0x0000000082900000|  0%| F|  |TAMS 0x0000000082800000| PB 0x0000000082800000| Untracked 
|  41|0x0000000082900000, 0x0000000082900000, 0x0000000082a00000|  0%| F|  |TAMS 0x0000000082900000| PB 0x0000000082900000| Untracked 
|  42|0x0000000082a00000, 0x0000000082a00000, 0x0000000082b00000|  0%| F|  |TAMS 0x0000000082a00000| PB 0x0000000082a00000| Untracked 
|  43|0x0000000082b00000, 0x0000000082b00000, 0x0000000082c00000|  0%| F|  |TAMS 0x0000000082b00000| PB 0x0000000082b00000| Untracked 
|  44|0x0000000082c00000, 0x0000000082c00000, 0x0000000082d00000|  0%| F|  |TAMS 0x0000000082c00000| PB 0x0000000082c00000| Untracked 
|  45|0x0000000082d00000, 0x0000000082d00000, 0x0000000082e00000|  0%| F|  |TAMS 0x0000000082d00000| PB 0x0000000082d00000| Untracked 
|  46|0x0000000082e00000, 0x0000000082e00000, 0x0000000082f00000|  0%| F|  |TAMS 0x0000000082e00000| PB 0x0000000082e00000| Untracked 
|  47|0x0000000082f00000, 0x0000000082f00000, 0x0000000083000000|  0%| F|  |TAMS 0x0000000082f00000| PB 0x0000000082f00000| Untracked 
|  48|0x0000000083000000, 0x0000000083000000, 0x0000000083100000|  0%| F|  |TAMS 0x0000000083000000| PB 0x0000000083000000| Untracked 
|  49|0x0000000083100000, 0x0000000083100000, 0x0000000083200000|  0%| F|  |TAMS 0x0000000083100000| PB 0x0000000083100000| Untracked 
|  50|0x0000000083200000, 0x00000000832f9270, 0x0000000083300000| 97%| S|CS|TAMS 0x0000000083200000| PB 0x0000000083200000| Complete 
|  51|0x0000000083300000, 0x0000000083400000, 0x0000000083400000|100%| S|CS|TAMS 0x0000000083300000| PB 0x0000000083300000| Complete 
|  52|0x0000000083400000, 0x0000000083500000, 0x0000000083500000|100%| S|CS|TAMS 0x0000000083400000| PB 0x0000000083400000| Complete 
|  53|0x0000000083500000, 0x0000000083600000, 0x0000000083600000|100%| S|CS|TAMS 0x0000000083500000| PB 0x0000000083500000| Complete 
|  54|0x0000000083600000, 0x0000000083600000, 0x0000000083700000|  0%| F|  |TAMS 0x0000000083600000| PB 0x0000000083600000| Untracked 
|  55|0x0000000083700000, 0x0000000083700000, 0x0000000083800000|  0%| F|  |TAMS 0x0000000083700000| PB 0x0000000083700000| Untracked 
|  56|0x0000000083800000, 0x0000000083800000, 0x0000000083900000|  0%| F|  |TAMS 0x0000000083800000| PB 0x0000000083800000| Untracked 
|  57|0x0000000083900000, 0x0000000083900000, 0x0000000083a00000|  0%| F|  |TAMS 0x0000000083900000| PB 0x0000000083900000| Untracked 
|  58|0x0000000083a00000, 0x0000000083a00000, 0x0000000083b00000|  0%| F|  |TAMS 0x0000000083a00000| PB 0x0000000083a00000| Untracked 
|  59|0x0000000083b00000, 0x0000000083b00000, 0x0000000083c00000|  0%| F|  |TAMS 0x0000000083b00000| PB 0x0000000083b00000| Untracked 
|  60|0x0000000083c00000, 0x0000000083c00000, 0x0000000083d00000|  0%| F|  |TAMS 0x0000000083c00000| PB 0x0000000083c00000| Untracked 
|  61|0x0000000083d00000, 0x0000000083d00000, 0x0000000083e00000|  0%| F|  |TAMS 0x0000000083d00000| PB 0x0000000083d00000| Untracked 
|  62|0x0000000083e00000, 0x0000000083e00000, 0x0000000083f00000|  0%| F|  |TAMS 0x0000000083e00000| PB 0x0000000083e00000| Untracked 
|  63|0x0000000083f00000, 0x0000000083f00000, 0x0000000084000000|  0%| F|  |TAMS 0x0000000083f00000| PB 0x0000000083f00000| Untracked 
|  64|0x0000000084000000, 0x0000000084000000, 0x0000000084100000|  0%| F|  |TAMS 0x0000000084000000| PB 0x0000000084000000| Untracked 
|  65|0x0000000084100000, 0x0000000084100000, 0x0000000084200000|  0%| F|  |TAMS 0x0000000084100000| PB 0x0000000084100000| Untracked 
|  66|0x0000000084200000, 0x0000000084200000, 0x0000000084300000|  0%| F|  |TAMS 0x0000000084200000| PB 0x0000000084200000| Untracked 
|  67|0x0000000084300000, 0x0000000084300000, 0x0000000084400000|  0%| F|  |TAMS 0x0000000084300000| PB 0x0000000084300000| Untracked 
|  68|0x0000000084400000, 0x0000000084400000, 0x0000000084500000|  0%| F|  |TAMS 0x0000000084400000| PB 0x0000000084400000| Untracked 
|  69|0x0000000084500000, 0x0000000084500000, 0x0000000084600000|  0%| F|  |TAMS 0x0000000084500000| PB 0x0000000084500000| Untracked 
|  70|0x0000000084600000, 0x0000000084600000, 0x0000000084700000|  0%| F|  |TAMS 0x0000000084600000| PB 0x0000000084600000| Untracked 
|  71|0x0000000084700000, 0x0000000084700000, 0x0000000084800000|  0%| F|  |TAMS 0x0000000084700000| PB 0x0000000084700000| Untracked 
|  72|0x0000000084800000, 0x0000000084800000, 0x0000000084900000|  0%| F|  |TAMS 0x0000000084800000| PB 0x0000000084800000| Untracked 
|  73|0x0000000084900000, 0x0000000084900000, 0x0000000084a00000|  0%| F|  |TAMS 0x0000000084900000| PB 0x0000000084900000| Untracked 
|  74|0x0000000084a00000, 0x0000000084a00000, 0x0000000084b00000|  0%| F|  |TAMS 0x0000000084a00000| PB 0x0000000084a00000| Untracked 
|  75|0x0000000084b00000, 0x0000000084b00000, 0x0000000084c00000|  0%| F|  |TAMS 0x0000000084b00000| PB 0x0000000084b00000| Untracked 
|  76|0x0000000084c00000, 0x0000000084c00000, 0x0000000084d00000|  0%| F|  |TAMS 0x0000000084c00000| PB 0x0000000084c00000| Untracked 
|  77|0x0000000084d00000, 0x0000000084d00000, 0x0000000084e00000|  0%| F|  |TAMS 0x0000000084d00000| PB 0x0000000084d00000| Untracked 
|  78|0x0000000084e00000, 0x0000000084e00000, 0x0000000084f00000|  0%| F|  |TAMS 0x0000000084e00000| PB 0x0000000084e00000| Untracked 
|  79|0x0000000084f00000, 0x0000000084f00000, 0x0000000085000000|  0%| F|  |TAMS 0x0000000084f00000| PB 0x0000000084f00000| Untracked 
|  80|0x0000000085000000, 0x0000000085000000, 0x0000000085100000|  0%| F|  |TAMS 0x0000000085000000| PB 0x0000000085000000| Untracked 
|  81|0x0000000085100000, 0x0000000085100000, 0x0000000085200000|  0%| F|  |TAMS 0x0000000085100000| PB 0x0000000085100000| Untracked 
|  82|0x0000000085200000, 0x0000000085200000, 0x0000000085300000|  0%| F|  |TAMS 0x0000000085200000| PB 0x0000000085200000| Untracked 
|  83|0x0000000085300000, 0x0000000085300000, 0x0000000085400000|  0%| F|  |TAMS 0x0000000085300000| PB 0x0000000085300000| Untracked 
|  84|0x0000000085400000, 0x0000000085400000, 0x0000000085500000|  0%| F|  |TAMS 0x0000000085400000| PB 0x0000000085400000| Untracked 
|  85|0x0000000085500000, 0x0000000085500000, 0x0000000085600000|  0%| F|  |TAMS 0x0000000085500000| PB 0x0000000085500000| Untracked 
|  86|0x0000000085600000, 0x0000000085600000, 0x0000000085700000|  0%| F|  |TAMS 0x0000000085600000| PB 0x0000000085600000| Untracked 
|  87|0x0000000085700000, 0x0000000085700000, 0x0000000085800000|  0%| F|  |TAMS 0x0000000085700000| PB 0x0000000085700000| Untracked 
|  88|0x0000000085800000, 0x0000000085800000, 0x0000000085900000|  0%| F|  |TAMS 0x0000000085800000| PB 0x0000000085800000| Untracked 
|  89|0x0000000085900000, 0x0000000085900000, 0x0000000085a00000|  0%| F|  |TAMS 0x0000000085900000| PB 0x0000000085900000| Untracked 
|  90|0x0000000085a00000, 0x0000000085a00000, 0x0000000085b00000|  0%| F|  |TAMS 0x0000000085a00000| PB 0x0000000085a00000| Untracked 
|  91|0x0000000085b00000, 0x0000000085b00000, 0x0000000085c00000|  0%| F|  |TAMS 0x0000000085b00000| PB 0x0000000085b00000| Untracked 
|  92|0x0000000085c00000, 0x0000000085c00000, 0x0000000085d00000|  0%| F|  |TAMS 0x0000000085c00000| PB 0x0000000085c00000| Untracked 
|  93|0x0000000085d00000, 0x0000000085d00000, 0x0000000085e00000|  0%| F|  |TAMS 0x0000000085d00000| PB 0x0000000085d00000| Untracked 
|  94|0x0000000085e00000, 0x0000000085e00000, 0x0000000085f00000|  0%| F|  |TAMS 0x0000000085e00000| PB 0x0000000085e00000| Untracked 
|  95|0x0000000085f00000, 0x0000000085f00000, 0x0000000086000000|  0%| F|  |TAMS 0x0000000085f00000| PB 0x0000000085f00000| Untracked 
|  96|0x0000000086000000, 0x0000000086000000, 0x0000000086100000|  0%| F|  |TAMS 0x0000000086000000| PB 0x0000000086000000| Untracked 
|  97|0x0000000086100000, 0x0000000086100000, 0x0000000086200000|  0%| F|  |TAMS 0x0000000086100000| PB 0x0000000086100000| Untracked 
|  98|0x0000000086200000, 0x0000000086200000, 0x0000000086300000|  0%| F|  |TAMS 0x0000000086200000| PB 0x0000000086200000| Untracked 
|  99|0x0000000086300000, 0x0000000086300000, 0x0000000086400000|  0%| F|  |TAMS 0x0000000086300000| PB 0x0000000086300000| Untracked 
| 100|0x0000000086400000, 0x0000000086400000, 0x0000000086500000|  0%| F|  |TAMS 0x0000000086400000| PB 0x0000000086400000| Untracked 
| 101|0x0000000086500000, 0x0000000086500000, 0x0000000086600000|  0%| F|  |TAMS 0x0000000086500000| PB 0x0000000086500000| Untracked 
| 102|0x0000000086600000, 0x0000000086600000, 0x0000000086700000|  0%| F|  |TAMS 0x0000000086600000| PB 0x0000000086600000| Untracked 
| 103|0x0000000086700000, 0x0000000086700000, 0x0000000086800000|  0%| F|  |TAMS 0x0000000086700000| PB 0x0000000086700000| Untracked 
| 104|0x0000000086800000, 0x0000000086800000, 0x0000000086900000|  0%| F|  |TAMS 0x0000000086800000| PB 0x0000000086800000| Untracked 
| 105|0x0000000086900000, 0x0000000086900000, 0x0000000086a00000|  0%| F|  |TAMS 0x0000000086900000| PB 0x0000000086900000| Untracked 
| 106|0x0000000086a00000, 0x0000000086a00000, 0x0000000086b00000|  0%| F|  |TAMS 0x0000000086a00000| PB 0x0000000086a00000| Untracked 
| 107|0x0000000086b00000, 0x0000000086b00000, 0x0000000086c00000|  0%| F|  |TAMS 0x0000000086b00000| PB 0x0000000086b00000| Untracked 
| 108|0x0000000086c00000, 0x0000000086c00000, 0x0000000086d00000|  0%| F|  |TAMS 0x0000000086c00000| PB 0x0000000086c00000| Untracked 
| 109|0x0000000086d00000, 0x0000000086d00000, 0x0000000086e00000|  0%| F|  |TAMS 0x0000000086d00000| PB 0x0000000086d00000| Untracked 
| 110|0x0000000086e00000, 0x0000000086e00000, 0x0000000086f00000|  0%| F|  |TAMS 0x0000000086e00000| PB 0x0000000086e00000| Untracked 
| 111|0x0000000086f00000, 0x0000000086f00000, 0x0000000087000000|  0%| F|  |TAMS 0x0000000086f00000| PB 0x0000000086f00000| Untracked 
| 112|0x0000000087000000, 0x0000000087000000, 0x0000000087100000|  0%| F|  |TAMS 0x0000000087000000| PB 0x0000000087000000| Untracked 
| 113|0x0000000087100000, 0x0000000087100000, 0x0000000087200000|  0%| F|  |TAMS 0x0000000087100000| PB 0x0000000087100000| Untracked 
| 114|0x0000000087200000, 0x0000000087200000, 0x0000000087300000|  0%| F|  |TAMS 0x0000000087200000| PB 0x0000000087200000| Untracked 
| 115|0x0000000087300000, 0x0000000087300000, 0x0000000087400000|  0%| F|  |TAMS 0x0000000087300000| PB 0x0000000087300000| Untracked 
| 116|0x0000000087400000, 0x0000000087400000, 0x0000000087500000|  0%| F|  |TAMS 0x0000000087400000| PB 0x0000000087400000| Untracked 
| 117|0x0000000087500000, 0x0000000087500000, 0x0000000087600000|  0%| F|  |TAMS 0x0000000087500000| PB 0x0000000087500000| Untracked 
| 118|0x0000000087600000, 0x0000000087600000, 0x0000000087700000|  0%| F|  |TAMS 0x0000000087600000| PB 0x0000000087600000| Untracked 
| 119|0x0000000087700000, 0x0000000087700000, 0x0000000087800000|  0%| F|  |TAMS 0x0000000087700000| PB 0x0000000087700000| Untracked 
| 120|0x0000000087800000, 0x0000000087800000, 0x0000000087900000|  0%| F|  |TAMS 0x0000000087800000| PB 0x0000000087800000| Untracked 
| 121|0x0000000087900000, 0x0000000087900000, 0x0000000087a00000|  0%| F|  |TAMS 0x0000000087900000| PB 0x0000000087900000| Untracked 
| 122|0x0000000087a00000, 0x0000000087a00000, 0x0000000087b00000|  0%| F|  |TAMS 0x0000000087a00000| PB 0x0000000087a00000| Untracked 
| 123|0x0000000087b00000, 0x0000000087b00000, 0x0000000087c00000|  0%| F|  |TAMS 0x0000000087b00000| PB 0x0000000087b00000| Untracked 
| 124|0x0000000087c00000, 0x0000000087c00000, 0x0000000087d00000|  0%| F|  |TAMS 0x0000000087c00000| PB 0x0000000087c00000| Untracked 
| 125|0x0000000087d00000, 0x0000000087d00000, 0x0000000087e00000|  0%| F|  |TAMS 0x0000000087d00000| PB 0x0000000087d00000| Untracked 
| 194|0x000000008c200000, 0x000000008c300000, 0x000000008c300000|100%| E|  |TAMS 0x000000008c200000| PB 0x000000008c200000| Complete 
| 195|0x000000008c300000, 0x000000008c400000, 0x000000008c400000|100%| E|CS|TAMS 0x000000008c300000| PB 0x000000008c300000| Complete 
| 196|0x000000008c400000, 0x000000008c500000, 0x000000008c500000|100%| E|CS|TAMS 0x000000008c400000| PB 0x000000008c400000| Complete 
| 197|0x000000008c500000, 0x000000008c600000, 0x000000008c600000|100%| E|CS|TAMS 0x000000008c500000| PB 0x000000008c500000| Complete 
| 198|0x000000008c600000, 0x000000008c700000, 0x000000008c700000|100%| E|CS|TAMS 0x000000008c600000| PB 0x000000008c600000| Complete 
| 199|0x000000008c700000, 0x000000008c800000, 0x000000008c800000|100%| E|CS|TAMS 0x000000008c700000| PB 0x000000008c700000| Complete 
| 200|0x000000008c800000, 0x000000008c900000, 0x000000008c900000|100%| E|CS|TAMS 0x000000008c800000| PB 0x000000008c800000| Complete 
| 201|0x000000008c900000, 0x000000008ca00000, 0x000000008ca00000|100%| E|CS|TAMS 0x000000008c900000| PB 0x000000008c900000| Complete 
| 202|0x000000008ca00000, 0x000000008cb00000, 0x000000008cb00000|100%| E|CS|TAMS 0x000000008ca00000| PB 0x000000008ca00000| Complete 
| 203|0x000000008cb00000, 0x000000008cc00000, 0x000000008cc00000|100%| E|CS|TAMS 0x000000008cb00000| PB 0x000000008cb00000| Complete 
| 491|0x000000009eb00000, 0x000000009ec00000, 0x000000009ec00000|100%| E|CS|TAMS 0x000000009eb00000| PB 0x000000009eb00000| Complete 
| 511|0x000000009ff00000, 0x00000000a0000000, 0x00000000a0000000|100%| E|CS|TAMS 0x000000009ff00000| PB 0x000000009ff00000| Complete 
|2046|0x00000000ffe00000, 0x00000000fff00000, 0x00000000fff00000|100%| O|  |TAMS 0x00000000ffe00000| PB 0x00000000ffe00000| Untracked 
|2047|0x00000000fff00000, 0x0000000100000000, 0x0000000100000000|100%| O|  |TAMS 0x00000000fff00000| PB 0x00000000fff00000| Untracked 

Card table byte_map: [0x0000020420e70000,0x0000020421270000] _byte_map_base: 0x0000020420a70000

Marking Bits: (CMBitMap*) 0x000002040e0f6430
 Bits: [0x0000020421270000, 0x0000020423270000)

Polling page: 0x000002040be90000

Metaspace:

Usage:
  Non-class:     58.89 MB used.
      Class:      9.49 MB used.
       Both:     68.38 MB used.

Virtual space:
  Non-class space:       64.00 MB reserved,      59.75 MB ( 93%) committed,  1 nodes.
      Class space:        1.00 GB reserved,      10.31 MB (  1%) committed,  1 nodes.
             Both:        1.06 GB reserved,      70.06 MB (  6%) committed. 

Chunk freelists:
   Non-Class:  4.27 MB
       Class:  5.62 MB
        Both:  9.89 MB

MaxMetaspaceSize: unlimited
CompressedClassSpaceSize: 1.00 GB
Initial GC threshold: 21.00 MB
Current GC threshold: 98.12 MB
CDS: off
 - commit_granule_bytes: 65536.
 - commit_granule_words: 8192.
 - virtual_space_node_default_size: 8388608.
 - enlarge_chunks_in_place: 1.
 - use_allocation_guard: 0.


Internal statistics:

num_allocs_failed_limit: 9.
num_arena_births: 3266.
num_arena_deaths: 0.
num_vsnodes_births: 2.
num_vsnodes_deaths: 0.
num_space_committed: 1121.
num_space_uncommitted: 0.
num_chunks_returned_to_freelist: 9.
num_chunks_taken_from_freelist: 6102.
num_chunk_merges: 6.
num_chunk_splits: 4011.
num_chunks_enlarged: 2509.
num_inconsistent_stats: 0.

CodeHeap 'non-profiled nmethods': size=119168Kb used=3739Kb max_used=3739Kb free=115428Kb
 bounds [0x0000020418d90000, 0x0000020419140000, 0x00000204201f0000]
CodeHeap 'profiled nmethods': size=119104Kb used=11708Kb max_used=11708Kb free=107395Kb
 bounds [0x00000204111f0000, 0x0000020411d60000, 0x0000020418640000]
CodeHeap 'non-nmethods': size=7488Kb used=4439Kb max_used=4513Kb free=3048Kb
 bounds [0x0000020418640000, 0x0000020418ab0000, 0x0000020418d90000]
 total_blobs=6970 nmethods=6075 adapters=796
 compilation: enabled
              stopped_count=0, restarted_count=0
 full_count=0

Compilation events (20 events):
Event: 6.623 Thread 0x000002042b724040 nmethod 6629 0x0000020411d32090 code [0x0000020411d32260, 0x0000020411d32580]
Event: 6.623 Thread 0x00000204267ae540 nmethod 6630 0x0000020411d32710 code [0x0000020411d328e0, 0x0000020411d32b10]
Event: 6.623 Thread 0x00000204264d4910 nmethod 6628 0x0000020411d32c90 code [0x0000020411d32e60, 0x0000020411d33180]
Event: 6.624 Thread 0x0000020426a46e70 nmethod 6624 0x0000020411d33310 code [0x0000020411d33680, 0x0000020411d34c98]
Event: 6.626 Thread 0x00000204264d4910 6631       3       java.lang.ThreadLocal$ThreadLocalMap::getEntryAfterMiss (59 bytes)
Event: 6.627 Thread 0x00000204264d4910 nmethod 6631 0x0000020411d35390 code [0x0000020411d355a0, 0x0000020411d35b88]
Event: 6.631 Thread 0x000002042b724040 6632       3       java.util.TreeMap::<init> (20 bytes)
Event: 6.631 Thread 0x000002042b724040 nmethod 6632 0x0000020411d35e10 code [0x0000020411d35fc0, 0x0000020411d361c8]
Event: 6.632 Thread 0x0000020426a46e70 6633       3       com.google.common.collect.ImmutableSet::builder (8 bytes)
Event: 6.632 Thread 0x0000020426a46e70 nmethod 6633 0x0000020411d36290 code [0x0000020411d36460, 0x0000020411d367f8]
Event: 6.634 Thread 0x0000020426a46e70 6634       3       com.google.common.collect.AbstractMapBasedMultimap::put (92 bytes)
Event: 6.634 Thread 0x0000020426a46e70 nmethod 6634 0x0000020411d36990 code [0x0000020411d36bc0, 0x0000020411d373a8]
Event: 6.634 Thread 0x00000204267ae540 6635       3       org.gradle.model.internal.asm.ClassVisitorScope::addGetter (11 bytes)
Event: 6.635 Thread 0x00000204267ae540 nmethod 6635 0x0000020411d37610 code [0x0000020411d377c0, 0x0000020411d37988]
Event: 6.640 Thread 0x00000204264d4910 6637       3       com.google.common.collect.AbstractSetMultimap::put (7 bytes)
Event: 6.641 Thread 0x00000204264d4910 nmethod 6637 0x0000020411d37a90 code [0x0000020411d37c40, 0x0000020411d37d80]
Event: 6.641 Thread 0x00000204264d4910 6638       3       org.gradle.internal.instantiation.generator.AsmBackedClassGenerator$ClassBuilderImpl::access$4700 (4 bytes)
Event: 6.641 Thread 0x00000204264d4910 nmethod 6638 0x0000020411d37e10 code [0x0000020411d37fa0, 0x0000020411d38098]
Event: 6.641 Thread 0x00000204264d4910 6639       3       org.objectweb.asm.Type::equals (147 bytes)
Event: 6.642 Thread 0x00000204264d4910 nmethod 6639 0x0000020411d38110 code [0x0000020411d383c0, 0x0000020411d39328]

GC Heap History (20 events):
Event: 1.409 GC heap before
{Heap before GC invocations=2 (full 0):
 garbage-first heap   total 524288K, used 69314K [0x0000000080000000, 0x0000000100000000)
  region size 1024K, 61 young (62464K), 6 survivors (6144K)
 Metaspace       used 16415K, committed 16640K, reserved 1114112K
  class space    used 1858K, committed 1984K, reserved 1048576K
}
Event: 1.413 GC heap after
{Heap after GC invocations=3 (full 0):
 garbage-first heap   total 524288K, used 18187K [0x0000000080000000, 0x0000000100000000)
  region size 1024K, 7 young (7168K), 7 survivors (7168K)
 Metaspace       used 16415K, committed 16640K, reserved 1114112K
  class space    used 1858K, committed 1984K, reserved 1048576K
}
Event: 1.722 GC heap before
{Heap before GC invocations=3 (full 0):
 garbage-first heap   total 524288K, used 37643K [0x0000000080000000, 0x0000000100000000)
  region size 1024K, 27 young (27648K), 7 survivors (7168K)
 Metaspace       used 21250K, committed 21504K, reserved 1114112K
  class space    used 2487K, committed 2624K, reserved 1048576K
}
Event: 1.725 GC heap after
{Heap after GC invocations=4 (full 0):
 garbage-first heap   total 524288K, used 19900K [0x0000000080000000, 0x0000000100000000)
  region size 1024K, 8 young (8192K), 8 survivors (8192K)
 Metaspace       used 21250K, committed 21504K, reserved 1114112K
  class space    used 2487K, committed 2624K, reserved 1048576K
}
Event: 2.283 GC heap before
{Heap before GC invocations=5 (full 0):
 garbage-first heap   total 68608K, used 67004K [0x0000000080000000, 0x0000000100000000)
  region size 1024K, 55 young (56320K), 8 survivors (8192K)
 Metaspace       used 28755K, committed 29248K, reserved 1114112K
  class space    used 3675K, committed 3904K, reserved 1048576K
}
Event: 2.288 GC heap after
{Heap after GC invocations=6 (full 0):
 garbage-first heap   total 79872K, used 22625K [0x0000000080000000, 0x0000000100000000)
  region size 1024K, 11 young (11264K), 11 survivors (11264K)
 Metaspace       used 28755K, committed 29248K, reserved 1114112K
  class space    used 3675K, committed 3904K, reserved 1048576K
}
Event: 2.659 GC heap before
{Heap before GC invocations=6 (full 0):
 garbage-first heap   total 79872K, used 57441K [0x0000000080000000, 0x0000000100000000)
  region size 1024K, 46 young (47104K), 11 survivors (11264K)
 Metaspace       used 33188K, committed 33920K, reserved 1114112K
  class space    used 4422K, committed 4736K, reserved 1048576K
}
Event: 2.663 GC heap after
{Heap after GC invocations=7 (full 0):
 garbage-first heap   total 79872K, used 25019K [0x0000000080000000, 0x0000000100000000)
  region size 1024K, 6 young (6144K), 6 survivors (6144K)
 Metaspace       used 33188K, committed 33920K, reserved 1114112K
  class space    used 4422K, committed 4736K, reserved 1048576K
}
Event: 2.811 GC heap before
{Heap before GC invocations=7 (full 0):
 garbage-first heap   total 79872K, used 37307K [0x0000000080000000, 0x0000000100000000)
  region size 1024K, 19 young (19456K), 6 survivors (6144K)
 Metaspace       used 35230K, committed 35968K, reserved 1114112K
  class space    used 4768K, committed 5120K, reserved 1048576K
}
Event: 2.813 GC heap after
{Heap after GC invocations=8 (full 0):
 garbage-first heap   total 79872K, used 25995K [0x0000000080000000, 0x0000000100000000)
  region size 1024K, 4 young (4096K), 4 survivors (4096K)
 Metaspace       used 35230K, committed 35968K, reserved 1114112K
  class space    used 4768K, committed 5120K, reserved 1048576K
}
Event: 3.445 GC heap before
{Heap before GC invocations=9 (full 0):
 garbage-first heap   total 79872K, used 64907K [0x0000000080000000, 0x0000000100000000)
  region size 1024K, 43 young (44032K), 4 survivors (4096K)
 Metaspace       used 43158K, committed 44096K, reserved 1114112K
  class space    used 5830K, committed 6272K, reserved 1048576K
}
Event: 3.449 GC heap after
{Heap after GC invocations=10 (full 0):
 garbage-first heap   total 79872K, used 29575K [0x0000000080000000, 0x0000000100000000)
  region size 1024K, 6 young (6144K), 6 survivors (6144K)
 Metaspace       used 43158K, committed 44096K, reserved 1114112K
  class space    used 5830K, committed 6272K, reserved 1048576K
}
Event: 3.842 GC heap before
{Heap before GC invocations=10 (full 0):
 garbage-first heap   total 79872K, used 71559K [0x0000000080000000, 0x0000000100000000)
  region size 1024K, 43 young (44032K), 6 survivors (6144K)
 Metaspace       used 46294K, committed 47232K, reserved 1114112K
  class space    used 6101K, committed 6528K, reserved 1048576K
}
Event: 3.853 GC heap after
{Heap after GC invocations=11 (full 0):
 garbage-first heap   total 83968K, used 33011K [0x0000000080000000, 0x0000000100000000)
  region size 1024K, 4 young (4096K), 4 survivors (4096K)
 Metaspace       used 46294K, committed 47232K, reserved 1114112K
  class space    used 6101K, committed 6528K, reserved 1048576K
}
Event: 4.383 GC heap before
{Heap before GC invocations=11 (full 0):
 garbage-first heap   total 83968K, used 71923K [0x0000000080000000, 0x0000000100000000)
  region size 1024K, 42 young (43008K), 4 survivors (4096K)
 Metaspace       used 50805K, committed 52096K, reserved 1114112K
  class space    used 6839K, committed 7488K, reserved 1048576K
}
Event: 4.387 GC heap after
{Heap after GC invocations=12 (full 0):
 garbage-first heap   total 304128K, used 35531K [0x0000000080000000, 0x0000000100000000)
  region size 1024K, 3 young (3072K), 3 survivors (3072K)
 Metaspace       used 50805K, committed 52096K, reserved 1114112K
  class space    used 6839K, committed 7488K, reserved 1048576K
}
Event: 5.449 GC heap before
{Heap before GC invocations=12 (full 0):
 garbage-first heap   total 304128K, used 128715K [0x0000000080000000, 0x0000000100000000)
  region size 1024K, 94 young (96256K), 3 survivors (3072K)
 Metaspace       used 58663K, committed 60160K, reserved 1114112K
  class space    used 7970K, committed 8704K, reserved 1048576K
}
Event: 5.454 GC heap after
{Heap after GC invocations=13 (full 0):
 garbage-first heap   total 304128K, used 42455K [0x0000000080000000, 0x0000000100000000)
  region size 1024K, 10 young (10240K), 10 survivors (10240K)
 Metaspace       used 58663K, committed 60160K, reserved 1114112K
  class space    used 7970K, committed 8704K, reserved 1048576K
}
Event: 6.563 GC heap before
{Heap before GC invocations=14 (full 0):
 garbage-first heap   total 143360K, used 118231K [0x0000000080000000, 0x0000000100000000)
  region size 1024K, 84 young (86016K), 10 survivors (10240K)
 Metaspace       used 68535K, committed 70208K, reserved 1114112K
  class space    used 9457K, committed 10304K, reserved 1048576K
}
Event: 6.567 GC heap after
{Heap after GC invocations=15 (full 0):
 garbage-first heap   total 143360K, used 45724K [0x0000000080000000, 0x0000000100000000)
  region size 1024K, 4 young (4096K), 4 survivors (4096K)
 Metaspace       used 68535K, committed 70208K, reserved 1114112K
  class space    used 9457K, committed 10304K, reserved 1048576K
}

Dll operation events (3 events):
Event: 0.013 Loaded shared library C:\Program Files\Android\Android Studio\jbr\bin\java.dll
Event: 0.019 Loaded shared library C:\Program Files\Android\Android Studio\jbr\bin\zip.dll
Event: 0.433 Loaded shared library C:\Program Files\Android\Android Studio\jbr\bin\verify.dll

Deoptimization events (20 events):
Event: 6.515 Thread 0x000002042c61e050 Uncommon trap: trap_request=0xffffffde fr.pc=0x0000020418fa7ca0 relative=0x00000000000053a0
Event: 6.515 Thread 0x000002042c61e050 Uncommon trap: reason=class_check action=maybe_recompile pc=0x0000020418fa7ca0 method=java.net.URLClassLoader.defineClass(Ljava/lang/String;Ljdk/internal/loader/Resource;)Ljava/lang/Class; @ 34 c2
Event: 6.515 Thread 0x000002042c61e050 DEOPT PACKING pc=0x0000020418fa7ca0 sp=0x000000aa55bf8820
Event: 6.515 Thread 0x000002042c61e050 DEOPT UNPACKING pc=0x00000204186946a2 sp=0x000000aa55bf85f8 mode 2
Event: 6.516 Thread 0x000002042c61e050 Uncommon trap: trap_request=0xffffffde fr.pc=0x0000020418fa7ca0 relative=0x00000000000053a0
Event: 6.516 Thread 0x000002042c61e050 Uncommon trap: reason=class_check action=maybe_recompile pc=0x0000020418fa7ca0 method=java.net.URLClassLoader.defineClass(Ljava/lang/String;Ljdk/internal/loader/Resource;)Ljava/lang/Class; @ 34 c2
Event: 6.516 Thread 0x000002042c61e050 DEOPT PACKING pc=0x0000020418fa7ca0 sp=0x000000aa55bf8820
Event: 6.516 Thread 0x000002042c61e050 DEOPT UNPACKING pc=0x00000204186946a2 sp=0x000000aa55bf85f8 mode 2
Event: 6.517 Thread 0x000002042c61e050 Uncommon trap: trap_request=0xffffffde fr.pc=0x0000020418fa7ca0 relative=0x00000000000053a0
Event: 6.517 Thread 0x000002042c61e050 Uncommon trap: reason=class_check action=maybe_recompile pc=0x0000020418fa7ca0 method=java.net.URLClassLoader.defineClass(Ljava/lang/String;Ljdk/internal/loader/Resource;)Ljava/lang/Class; @ 34 c2
Event: 6.517 Thread 0x000002042c61e050 DEOPT PACKING pc=0x0000020418fa7ca0 sp=0x000000aa55bf8820
Event: 6.517 Thread 0x000002042c61e050 DEOPT UNPACKING pc=0x00000204186946a2 sp=0x000000aa55bf85f8 mode 2
Event: 6.517 Thread 0x000002042c61e050 Uncommon trap: trap_request=0xffffffde fr.pc=0x0000020418f99abc relative=0x00000000000055bc
Event: 6.517 Thread 0x000002042c61e050 Uncommon trap: reason=class_check action=maybe_recompile pc=0x0000020418f99abc method=java.net.URLClassLoader.defineClass(Ljava/lang/String;Ljdk/internal/loader/Resource;)Ljava/lang/Class; @ 34 c2
Event: 6.517 Thread 0x000002042c61e050 DEOPT PACKING pc=0x0000020418f99abc sp=0x000000aa55bf8760
Event: 6.518 Thread 0x000002042c61e050 DEOPT UNPACKING pc=0x00000204186946a2 sp=0x000000aa55bf86a0 mode 2
Event: 6.620 Thread 0x000002042c61e050 Uncommon trap: trap_request=0xffffff45 fr.pc=0x000002041901698c relative=0x00000000000003cc
Event: 6.620 Thread 0x000002042c61e050 Uncommon trap: reason=unstable_if action=reinterpret pc=0x000002041901698c method=org.gradle.internal.reflect.PropertyAccessorType.isGetGetterName(Ljava/lang/String;)Z @ 14 c2
Event: 6.620 Thread 0x000002042c61e050 DEOPT PACKING pc=0x000002041901698c sp=0x000000aa55bf9170
Event: 6.620 Thread 0x000002042c61e050 DEOPT UNPACKING pc=0x00000204186946a2 sp=0x000000aa55bf90c8 mode 2

Classes loaded (20 events):
Event: 6.485 Loading class java/io/ObjectStreamClass$1
Event: 6.485 Loading class java/io/ObjectStreamClass$1 done
Event: 6.485 Loading class java/io/ObjectStreamClass$MemberSignature
Event: 6.486 Loading class java/io/ObjectStreamClass$MemberSignature done
Event: 6.486 Loading class java/io/ObjectStreamClass$3
Event: 6.486 Loading class java/io/ObjectStreamClass$3 done
Event: 6.486 Loading class java/io/ObjectStreamClass$4
Event: 6.486 Loading class java/io/ObjectStreamClass$4 done
Event: 6.486 Loading class java/io/ObjectStreamClass$5
Event: 6.486 Loading class java/io/ObjectStreamClass$5 done
Event: 6.486 Loading class java/io/ObjectStreamClass$ClassDataSlot
Event: 6.486 Loading class java/io/ObjectStreamClass$ClassDataSlot done
Event: 6.489 Loading class java/io/SerialCallbackContext
Event: 6.490 Loading class java/io/SerialCallbackContext done
Event: 6.508 Loading class java/lang/invoke/SerializedLambda$1
Event: 6.508 Loading class java/lang/invoke/SerializedLambda$1 done
Event: 6.576 Loading class java/util/DualPivotQuicksort
Event: 6.577 Loading class java/util/DualPivotQuicksort done
Event: 6.615 Loading class java/util/function/LongUnaryOperator
Event: 6.615 Loading class java/util/function/LongUnaryOperator done

Classes unloaded (0 events):
No events

Classes redefined (0 events):
No events

Internal exceptions (20 events):
Event: 6.253 Thread 0x000002042c61e050 Exception <a 'java/lang/NoSuchMethodError'{0x00000000852a4d60}: 'void java.lang.invoke.DirectMethodHandle$Holder.invokeStatic(java.lang.Object, java.lang.Object, java.lang.Object, java.lang.Object, java.lang.Object, java.lang.Object, java.lang.Object)'> (0x00000000852a4d60) 
thrown [s\src\hotspot\share\interpreter\linkResolver.cpp, line 784]
Event: 6.469 Thread 0x000002042c61e050 Exception <a 'java/lang/NoSuchMethodError'{0x0000000083e5dfc0}: 'void java.lang.invoke.DelegatingMethodHandle$Holder.reinvoke_L(java.lang.Object, java.lang.Object, int)'> (0x0000000083e5dfc0) 
thrown [s\src\hotspot\share\interpreter\linkResolver.cpp, line 784]
Event: 6.469 Thread 0x000002042c61e050 Exception <a 'java/lang/NoSuchMethodError'{0x0000000083e65328}: 'int java.lang.invoke.Invokers$Holder.invokeExact_MT(java.lang.Object, java.lang.Object, java.lang.Object)'> (0x0000000083e65328) 
thrown [s\src\hotspot\share\interpreter\linkResolver.cpp, line 784]
Event: 6.471 Thread 0x000002042c61e050 Exception <a 'java/lang/NoSuchMethodError'{0x0000000083e92890}: 'void java.lang.invoke.DelegatingMethodHandle$Holder.reinvoke_L(java.lang.Object, java.lang.Object, long)'> (0x0000000083e92890) 
thrown [s\src\hotspot\share\interpreter\linkResolver.cpp, line 784]
Event: 6.471 Thread 0x000002042c61e050 Exception <a 'java/lang/NoSuchMethodError'{0x0000000083e99e10}: 'long java.lang.invoke.Invokers$Holder.invokeExact_MT(java.lang.Object, java.lang.Object, java.lang.Object)'> (0x0000000083e99e10) 
thrown [s\src\hotspot\share\interpreter\linkResolver.cpp, line 784]
Event: 6.486 Thread 0x000002042c61e6e0 Exception <a 'java/lang/NoSuchMethodError'{0x0000000083c19bd8}: static Lorg/gradle/internal/build/event/types/DefaultOperationStartedProgressEvent;.<clinit>()V> (0x0000000083c19bd8) 
thrown [s\src\hotspot\share\prims\jni.cpp, line 1144]
Event: 6.486 Thread 0x000002042c61e6e0 Exception <a 'java/lang/NoSuchMethodError'{0x0000000083c1beb0}: static Lorg/gradle/internal/build/event/types/AbstractProgressEvent;.<clinit>()V> (0x0000000083c1beb0) 
thrown [s\src\hotspot\share\prims\jni.cpp, line 1144]
Event: 6.487 Thread 0x000002042c61e6e0 Exception <a 'java/lang/NoSuchMethodError'{0x0000000083c2d288}: static Lorg/gradle/internal/build/event/types/DefaultProjectConfigurationDescriptor;.<clinit>()V> (0x0000000083c2d288) 
thrown [s\src\hotspot\share\prims\jni.cpp, line 1144]
Event: 6.487 Thread 0x000002042c61e6e0 Exception <a 'java/lang/NoSuchMethodError'{0x0000000083c2fa60}: static Lorg/gradle/internal/build/event/types/DefaultOperationDescriptor;.<clinit>()V> (0x0000000083c2fa60) 
thrown [s\src\hotspot\share\prims\jni.cpp, line 1144]
Event: 6.487 Thread 0x000002042c61e6e0 Exception <a 'java/lang/NoSuchMethodError'{0x0000000083c33178}: 'long java.lang.invoke.DirectMethodHandle$Holder.invokeSpecial(java.lang.Object, java.lang.Object)'> (0x0000000083c33178) 
thrown [s\src\hotspot\share\interpreter\linkResolver.cpp, line 784]
Event: 6.488 Thread 0x000002042c61e6e0 Exception <a 'java/lang/NoSuchMethodError'{0x0000000083cb6580}: 'long java.lang.invoke.Invokers$Holder.invokeExact_MT(java.lang.Object, java.lang.Object)'> (0x0000000083cb6580) 
thrown [s\src\hotspot\share\interpreter\linkResolver.cpp, line 784]
Event: 6.489 Thread 0x000002042c61e6e0 Exception <a 'java/lang/NoSuchMethodError'{0x0000000083cd04b0}: static Lorg/gradle/internal/operations/OperationIdentifier;.<clinit>()V> (0x0000000083cd04b0) 
thrown [s\src\hotspot\share\prims\jni.cpp, line 1144]
Event: 6.502 Thread 0x000002042c61e050 Exception <a 'java/lang/NoSuchMethodError'{0x0000000083be7448}: 'void java.lang.invoke.Invokers$Holder.invokeExact_MT(java.lang.Object, java.lang.Object, java.lang.Object, java.lang.Object)'> (0x0000000083be7448) 
thrown [s\src\hotspot\share\interpreter\linkResolver.cpp, line 784]
Event: 6.504 Thread 0x000002042c61e050 Exception <a 'java/lang/ClassNotFoundException'{0x0000000083a25360}: org/gradle/internal/serialize/codecs/core/ClosureCodec$BrokenScriptBeanInfo> (0x0000000083a25360) 
thrown [s\src\hotspot\share\classfile\systemDictionary.cpp, line 312]
Event: 6.504 Thread 0x000002042c61e050 Exception <a 'java/lang/ClassNotFoundException'{0x0000000083a34158}: org/gradle/internal/serialize/codecs/core/ClosureCodec$BrokenScriptCustomizer> (0x0000000083a34158) 
thrown [s\src\hotspot\share\classfile\systemDictionary.cpp, line 312]
Event: 6.505 Thread 0x000002042c61e050 Exception <a 'java/lang/ClassNotFoundException'{0x0000000083a4e4a0}: org/gradle/api/invocation/GradleBeanInfo> (0x0000000083a4e4a0) 
thrown [s\src\hotspot\share\classfile\systemDictionary.cpp, line 312]
Event: 6.505 Thread 0x000002042c61e050 Exception <a 'java/lang/ClassNotFoundException'{0x0000000083a5a670}: org/gradle/api/invocation/GradleCustomizer> (0x0000000083a5a670) 
thrown [s\src\hotspot\share\classfile\systemDictionary.cpp, line 312]
Event: 6.507 Thread 0x000002042c61e050 Exception <a 'java/lang/NoSuchMethodError'{0x0000000083a7d3f0}: 'void java.lang.invoke.Invokers$Holder.invokeExact_MT(java.lang.Object, java.lang.Object, int, java.lang.Object)'> (0x0000000083a7d3f0) 
thrown [s\src\hotspot\share\interpreter\linkResolver.cpp, line 784]
Event: 6.510 Thread 0x000002042c61e050 Exception <a 'java/lang/NoSuchMethodError'{0x0000000083aafc98}: 'void java.lang.invoke.Invokers$Holder.invokeExact_MT(java.lang.Object, java.lang.Object, long, java.lang.Object)'> (0x0000000083aafc98) 
thrown [s\src\hotspot\share\interpreter\linkResolver.cpp, line 784]
Event: 6.616 Thread 0x000002042c61e050 Exception <a 'java/lang/NoSuchMethodError'{0x000000008ca62328}: 'long java.lang.invoke.DirectMethodHandle$Holder.invokeStatic(java.lang.Object, long)'> (0x000000008ca62328) 
thrown [s\src\hotspot\share\interpreter\linkResolver.cpp, line 784]

ZGC Phase Switch (0 events):
No events

VM Operations (20 events):
Event: 5.449 Executing VM operation: CollectForMetadataAllocation (Metadata GC Threshold)
Event: 5.454 Executing VM operation: CollectForMetadataAllocation (Metadata GC Threshold) done
Event: 5.471 Executing VM operation: G1PauseRemark
Event: 5.473 Executing VM operation: G1PauseRemark done
Event: 5.478 Executing VM operation: G1PauseCleanup
Event: 5.479 Executing VM operation: G1PauseCleanup done
Event: 6.232 Executing VM operation: ICBufferFull
Event: 6.232 Executing VM operation: ICBufferFull done
Event: 6.258 Executing VM operation: HandshakeAllThreads (Deoptimize)
Event: 6.258 Executing VM operation: HandshakeAllThreads (Deoptimize) done
Event: 6.340 Executing VM operation: HandshakeAllThreads (Deoptimize)
Event: 6.340 Executing VM operation: HandshakeAllThreads (Deoptimize) done
Event: 6.366 Executing VM operation: ICBufferFull
Event: 6.366 Executing VM operation: ICBufferFull done
Event: 6.425 Executing VM operation: HandshakeAllThreads (Deoptimize)
Event: 6.425 Executing VM operation: HandshakeAllThreads (Deoptimize) done
Event: 6.485 Executing VM operation: HandshakeAllThreads (Deoptimize)
Event: 6.485 Executing VM operation: HandshakeAllThreads (Deoptimize) done
Event: 6.563 Executing VM operation: G1CollectForAllocation (G1 Evacuation Pause)
Event: 6.567 Executing VM operation: G1CollectForAllocation (G1 Evacuation Pause) done

Memory protections (0 events):
No events

Nmethod flushes (20 events):
Event: 5.472 Thread 0x000002042642fd20 flushing  nmethod 0x00000204112e4210
Event: 5.472 Thread 0x000002042642fd20 flushing  nmethod 0x000002041138d390
Event: 5.472 Thread 0x000002042642fd20 flushing  nmethod 0x00000204113d8890
Event: 5.472 Thread 0x000002042642fd20 flushing  nmethod 0x0000020411476990
Event: 5.472 Thread 0x000002042642fd20 flushing  nmethod 0x00000204116bea90
Event: 5.472 Thread 0x000002042642fd20 flushing  nmethod 0x000002041189b210
Event: 5.472 Thread 0x000002042642fd20 flushing  nmethod 0x000002041189bc10
Event: 5.472 Thread 0x000002042642fd20 flushing  nmethod 0x0000020418eb3d10
Event: 5.472 Thread 0x000002042642fd20 flushing  nmethod 0x0000020418f79e10
Event: 5.472 Thread 0x000002042642fd20 flushing  nmethod 0x000002041122a390
Event: 5.472 Thread 0x000002042642fd20 flushing  nmethod 0x00000204112aa810
Event: 5.472 Thread 0x000002042642fd20 flushing  nmethod 0x00000204112aaf90
Event: 5.472 Thread 0x000002042642fd20 flushing  nmethod 0x00000204115cb610
Event: 5.472 Thread 0x000002042642fd20 flushing  nmethod 0x00000204115ccd90
Event: 5.472 Thread 0x000002042642fd20 flushing  nmethod 0x00000204115ce890
Event: 5.472 Thread 0x000002042642fd20 flushing  nmethod 0x00000204115d0d90
Event: 5.472 Thread 0x000002042642fd20 flushing  nmethod 0x00000204115d1810
Event: 5.472 Thread 0x000002042642fd20 flushing  nmethod 0x00000204115d2690
Event: 5.472 Thread 0x000002042642fd20 flushing  nmethod 0x00000204115d4990
Event: 5.472 Thread 0x000002042642fd20 flushing  nmethod 0x00000204116ac690

Events (20 events):
Event: 4.838 Thread 0x000002042c61e050 Thread added: 0x00000204306af1f0
Event: 4.840 Thread 0x000002042c61e050 Thread added: 0x00000204306ad7b0
Event: 4.890 Thread 0x000002042c61e050 Thread added: 0x00000204306abd70
Event: 4.892 Thread 0x000002042c61e050 Thread added: 0x00000204306aff10
Event: 4.894 Thread 0x000002042c61e050 Thread added: 0x00000204306b05a0
Event: 4.895 Thread 0x000002042c61e050 Thread added: 0x00000204306b0c30
Event: 4.982 Thread 0x000002042c61e050 Thread added: 0x00000204306b12c0
Event: 5.028 Thread 0x000002042c61e050 Thread added: 0x00000204306af880
Event: 5.054 Thread 0x000002042c61e050 Thread added: 0x00000204306ade40
Event: 5.055 Thread 0x000002042c61e050 Thread added: 0x00000204306b1950
Event: 5.055 Thread 0x000002042c61e050 Thread added: 0x00000204306b1fe0
Event: 5.056 Thread 0x000002042c61e050 Thread added: 0x00000204306b3390
Event: 5.075 Thread 0x000002042c61e050 Thread added: 0x00000204306b2d00
Event: 5.094 Thread 0x000002042c61e050 Thread added: 0x00000204306b2670
Event: 5.104 Thread 0x000002042c61e050 Thread added: 0x000002042ff38180
Event: 6.171 Thread 0x000002042d892140 Thread exited: 0x000002042d892140
Event: 6.171 Thread 0x000002042dbdc190 Thread exited: 0x000002042dbdc190
Event: 6.171 Thread 0x000002042c5c6880 Thread exited: 0x000002042c5c6880
Event: 6.268 Thread 0x00000204264d4910 Thread added: 0x000002042d88ff30
Event: 6.268 Thread 0x00000204264d4910 Thread added: 0x000002042d891a70


Dynamic libraries:
0x00007ff6f3330000 - 0x00007ff6f333a000 	C:\Program Files\Android\Android Studio\jbr\bin\java.exe
0x00007ffdc0e60000 - 0x00007ffdc10c9000 	C:\WINDOWS\SYSTEM32\ntdll.dll
0x00007ffdbf370000 - 0x00007ffdbf439000 	C:\WINDOWS\System32\KERNEL32.DLL
0x00007ffdbe430000 - 0x00007ffdbe823000 	C:\WINDOWS\System32\KERNELBASE.dll
0x00007ffdbdff0000 - 0x00007ffdbe13b000 	C:\WINDOWS\System32\ucrtbase.dll
0x00007ffd9ae60000 - 0x00007ffd9ae78000 	C:\Program Files\Android\Android Studio\jbr\bin\jli.dll
0x00007ffdaacc0000 - 0x00007ffdaacdb000 	C:\Program Files\Android\Android Studio\jbr\bin\VCRUNTIME140.dll
0x00007ffdbedf0000 - 0x00007ffdbefb4000 	C:\WINDOWS\System32\USER32.dll
0x00007ffdbea10000 - 0x00007ffdbea37000 	C:\WINDOWS\System32\win32u.dll
0x00007ffda2160000 - 0x00007ffda23f3000 	C:\WINDOWS\WinSxS\amd64_microsoft.windows.common-controls_6595b64144ccf1df_6.0.26100.5074_none_3e0d6f78e32fd63f\COMCTL32.dll
0x00007ffdbec30000 - 0x00007ffdbec5b000 	C:\WINDOWS\System32\GDI32.dll
0x00007ffdc0b00000 - 0x00007ffdc0ba9000 	C:\WINDOWS\System32\msvcrt.dll
0x00007ffdbea40000 - 0x00007ffdbeb6d000 	C:\WINDOWS\System32\gdi32full.dll
0x00007ffdbe960000 - 0x00007ffdbea03000 	C:\WINDOWS\System32\msvcp_win.dll
0x00007ffdbec60000 - 0x00007ffdbec8f000 	C:\WINDOWS\System32\IMM32.DLL
0x00007ffdb8c70000 - 0x00007ffdb8c7c000 	C:\Program Files\Android\Android Studio\jbr\bin\vcruntime140_1.dll
0x00007ffd53b60000 - 0x00007ffd53bed000 	C:\Program Files\Android\Android Studio\jbr\bin\msvcp140.dll
0x00007ffd7e910000 - 0x00007ffd7f59e000 	C:\Program Files\Android\Android Studio\jbr\bin\server\jvm.dll
0x00007ffdc01e0000 - 0x00007ffdc0294000 	C:\WINDOWS\System32\ADVAPI32.dll
0x00007ffdc0130000 - 0x00007ffdc01d6000 	C:\WINDOWS\System32\sechost.dll
0x00007ffdc0c00000 - 0x00007ffdc0d18000 	C:\WINDOWS\System32\RPCRT4.dll
0x00007ffdbf220000 - 0x00007ffdbf294000 	C:\WINDOWS\System32\WS2_32.dll
0x00007ffdb21f0000 - 0x00007ffdb2225000 	C:\WINDOWS\SYSTEM32\WINMM.dll
0x00007ffdbdcc0000 - 0x00007ffdbdd1e000 	C:\WINDOWS\SYSTEM32\POWRPROF.dll
0x00007ffdb7b90000 - 0x00007ffdb7b9b000 	C:\WINDOWS\SYSTEM32\VERSION.dll
0x00007ffdbdca0000 - 0x00007ffdbdcb4000 	C:\WINDOWS\SYSTEM32\UMPDC.dll
0x00007ffdbcdd0000 - 0x00007ffdbcdeb000 	C:\WINDOWS\SYSTEM32\kernel.appcore.dll
0x00007ffdb7940000 - 0x00007ffdb794a000 	C:\Program Files\Android\Android Studio\jbr\bin\jimage.dll
0x00007ffdbb6f0000 - 0x00007ffdbb932000 	C:\WINDOWS\SYSTEM32\DBGHELP.DLL
0x00007ffdbfcc0000 - 0x00007ffdc003b000 	C:\WINDOWS\System32\combase.dll
0x00007ffdc0040000 - 0x00007ffdc0117000 	C:\WINDOWS\System32\OLEAUT32.dll
0x00007ffd9f750000 - 0x00007ffd9f78d000 	C:\WINDOWS\SYSTEM32\dbgcore.DLL
0x00007ffdbe830000 - 0x00007ffdbe8c9000 	C:\WINDOWS\System32\bcryptPrimitives.dll
0x00007ffd9fbf0000 - 0x00007ffd9fbfe000 	C:\Program Files\Android\Android Studio\jbr\bin\instrument.dll
0x00007ffda76c0000 - 0x00007ffda76e0000 	C:\Program Files\Android\Android Studio\jbr\bin\java.dll
0x00007ffda7310000 - 0x00007ffda7328000 	C:\Program Files\Android\Android Studio\jbr\bin\zip.dll
0x00007ffdc03b0000 - 0x00007ffdc0afd000 	C:\WINDOWS\System32\SHELL32.dll
0x00007ffdbe140000 - 0x00007ffdbe2ac000 	C:\WINDOWS\System32\wintypes.dll
0x00007ffdbbc90000 - 0x00007ffdbc4e9000 	C:\WINDOWS\SYSTEM32\windows.storage.dll
0x00007ffdbecf0000 - 0x00007ffdbede0000 	C:\WINDOWS\System32\SHCORE.dll
0x00007ffdbf1a0000 - 0x00007ffdbf202000 	C:\WINDOWS\System32\shlwapi.dll
0x00007ffdbdf10000 - 0x00007ffdbdf39000 	C:\WINDOWS\SYSTEM32\profapi.dll
0x00007ffda9420000 - 0x00007ffda9430000 	C:\Program Files\Android\Android Studio\jbr\bin\net.dll
0x00007ffdb6ef0000 - 0x00007ffdb700f000 	C:\WINDOWS\SYSTEM32\WINHTTP.dll
0x00007ffdbd350000 - 0x00007ffdbd3bb000 	C:\WINDOWS\system32\mswsock.dll
0x00007ffda72a0000 - 0x00007ffda72b6000 	C:\Program Files\Android\Android Studio\jbr\bin\nio.dll
0x00007ffda9240000 - 0x00007ffda9250000 	C:\Program Files\Android\Android Studio\jbr\bin\verify.dll
0x00007ffd7c280000 - 0x00007ffd7c2a7000 	C:\Users\pascal\.gradle\native\1def1411415f61bf3af743bc5b6707747c0891f09f0c88961ee8f79bc544acac\windows-amd64\native-platform.dll
0x00007ffd62b60000 - 0x00007ffd62bd8000 	C:\Users\pascal\.gradle\native\0.2.7\x86_64-windows-gnu\gradle-fileevents.dll
0x00007ffda80b0000 - 0x00007ffda80b9000 	C:\Program Files\Android\Android Studio\jbr\bin\management.dll
0x00007ffda7290000 - 0x00007ffda729b000 	C:\Program Files\Android\Android Studio\jbr\bin\management_ext.dll
0x00007ffdbf820000 - 0x00007ffdbf828000 	C:\WINDOWS\System32\PSAPI.DLL
0x00007ffdbc7f0000 - 0x00007ffdbc824000 	C:\WINDOWS\SYSTEM32\IPHLPAPI.DLL
0x00007ffdbf210000 - 0x00007ffdbf21a000 	C:\WINDOWS\System32\NSI.dll
0x00007ffda9220000 - 0x00007ffda9229000 	C:\Program Files\Android\Android Studio\jbr\bin\extnet.dll
0x00007ffdbd5f0000 - 0x00007ffdbd60b000 	C:\WINDOWS\SYSTEM32\CRYPTSP.dll
0x00007ffdbcd30000 - 0x00007ffdbcd6b000 	C:\WINDOWS\system32\rsaenh.dll
0x00007ffdbd3f0000 - 0x00007ffdbd41b000 	C:\WINDOWS\SYSTEM32\USERENV.dll
0x00007ffdbdee0000 - 0x00007ffdbdf06000 	C:\WINDOWS\SYSTEM32\bcrypt.dll
0x00007ffdbdc40000 - 0x00007ffdbdc4c000 	C:\WINDOWS\SYSTEM32\CRYPTBASE.dll
0x00007ffda81f0000 - 0x00007ffda81f8000 	C:\WINDOWS\system32\wshunix.dll

dbghelp: loaded successfully - version: 4.0.5 - missing functions: none
symbol engine: initialized successfully - sym options: 0x614 - pdb path: .;C:\Program Files\Android\Android Studio\jbr\bin;C:\WINDOWS\SYSTEM32;C:\WINDOWS\WinSxS\amd64_microsoft.windows.common-controls_6595b64144ccf1df_6.0.26100.5074_none_3e0d6f78e32fd63f;C:\Program Files\Android\Android Studio\jbr\bin\server;C:\Users\pascal\.gradle\native\1def1411415f61bf3af743bc5b6707747c0891f09f0c88961ee8f79bc544acac\windows-amd64;C:\Users\pascal\.gradle\native\0.2.7\x86_64-windows-gnu

VM Arguments:
jvm_args: --add-opens=java.base/java.lang=ALL-UNNAMED --add-opens=java.base/java.lang.invoke=ALL-UNNAMED --add-opens=java.base/java.util=ALL-UNNAMED --add-opens=java.prefs/java.util.prefs=ALL-UNNAMED --add-exports=jdk.compiler/com.sun.tools.javac.api=ALL-UNNAMED --add-exports=jdk.compiler/com.sun.tools.javac.util=ALL-UNNAMED --add-opens=java.base/java.util=ALL-UNNAMED --add-opens=java.prefs/java.util.prefs=ALL-UNNAMED --add-opens=java.base/java.nio.charset=ALL-UNNAMED --add-opens=java.base/java.net=ALL-UNNAMED --add-opens=java.base/java.util.concurrent.atomic=ALL-UNNAMED --add-opens=java.xml/javax.xml.namespace=ALL-UNNAMED -Xmx2048m -Dfile.encoding=UTF-8 -Duser.country=GB -Duser.language=en -Duser.variant -javaagent:C:\Users\pascal\.gradle\wrapper\dists\gradle-8.14.3-bin\cv11ve7ro1n3o1j4so8xd9n66\gradle-8.14.3\lib\agents\gradle-instrumentation-agent-8.14.3.jar 
java_command: org.gradle.launcher.daemon.bootstrap.GradleDaemon 8.14.3
java_class_path (initial): C:\Users\pascal\.gradle\wrapper\dists\gradle-8.14.3-bin\cv11ve7ro1n3o1j4so8xd9n66\gradle-8.14.3\lib\gradle-daemon-main-8.14.3.jar
Launcher Type: SUN_STANDARD

[Global flags]
     intx CICompilerCount                          = 12                                        {product} {ergonomic}
     uint ConcGCThreads                            = 3                                         {product} {ergonomic}
     uint G1ConcRefinementThreads                  = 13                                        {product} {ergonomic}
   size_t G1HeapRegionSize                         = 1048576                                   {product} {ergonomic}
    uintx GCDrainStackTargetSize                   = 64                                        {product} {ergonomic}
   size_t InitialHeapSize                          = 536870912                                 {product} {ergonomic}
   size_t MarkStackSize                            = 4194304                                   {product} {ergonomic}
   size_t MaxHeapSize                              = 2147483648                                {product} {command line}
   size_t MaxNewSize                               = 1287651328                                {product} {ergonomic}
   size_t MinHeapDeltaBytes                        = 1048576                                   {product} {ergonomic}
   size_t MinHeapSize                              = 8388608                                   {product} {ergonomic}
    uintx NonNMethodCodeHeapSize                   = 7602480                                {pd product} {ergonomic}
    uintx NonProfiledCodeHeapSize                  = 122027880                              {pd product} {ergonomic}
    uintx ProfiledCodeHeapSize                     = 122027880                              {pd product} {ergonomic}
    uintx ReservedCodeCacheSize                    = 251658240                              {pd product} {ergonomic}
     bool SegmentedCodeCache                       = true                                      {product} {ergonomic}
   size_t SoftMaxHeapSize                          = 2147483648                             {manageable} {ergonomic}
     bool UseCompressedOops                        = true                           {product lp64_product} {ergonomic}
     bool UseG1GC                                  = true                                      {product} {ergonomic}
     bool UseLargePagesIndividualAllocation        = false                                  {pd product} {ergonomic}

Logging:
Log output configuration:
 #0: stdout all=warning uptime,level,tags foldmultilines=false
 #1: stderr all=off uptime,level,tags foldmultilines=false

Environment Variables:
PATH=C:\WINDOWS\system32;C:\WINDOWS;C:\WINDOWS\System32\Wbem;C:\WINDOWS\System32\WindowsPowerShell\v1.0\;C:\WINDOWS\System32\OpenSSH\;C:\Program Files (x86)\NVIDIA Corporation\PhysX\Common;C:\Program Files\Git\cmd;C:\Program Files\nodejs\;C:\ProgramData\chocolatey\bin;C:\Users\pascal\AppData\Local\Android\Sdk\platform-tools;C:\Users\pascal\AppData\Local\Programs\Python\Python313\Scripts\;C:\Users\pascal\AppData\Local\Programs\Python\Python313\;C:\Users\pascal\AppData\Local\Microsoft\WindowsApps;C:\Users\pascal\AppData\Local\Programs\Microsoft VS Code\bin;C:\Program Files\JetBrains\IntelliJ IDEA Community Edition 2025.2.2\bin;C:\Users\pascal\AppData\Roaming\npm
USERNAME=pascal
OS=Windows_NT
PROCESSOR_IDENTIFIER=AMD64 Family 23 Model 8 Stepping 2, AuthenticAMD
TMP=C:\Users\pascal\AppData\Local\Temp
TEMP=C:\Users\pascal\AppData\Local\Temp




Periodic native trim disabled

JNI global refs:
JNI global refs: 34, weak refs: 0

JNI global refs memory usage: 835, weak refs: 833

Process memory usage:
Resident Set Size: 369096K (1% of 33463776K total physical memory with 24206708K free physical memory)

OOME stack traces (most recent first):
Classloader memory used:
Loader org.gradle.internal.classloader.VisitableURLClassLoader                         : 36440K
Loader bootstrap                                                                       : 23168K
Loader org.gradle.initialization.MixInLegacyTypesClassLoader                           : 9433K
Loader jdk.internal.loader.ClassLoaders$PlatformClassLoader                            : 529K
Loader jdk.internal.loader.ClassLoaders$AppClassLoader                                 : 236K
Loader org.gradle.groovy.scripts.internal.DefaultScriptCompilationHandler$ScriptClassLoader: 99600B
Loader org.gradle.internal.classloader.VisitableURLClassLoader                         : 84344B
Loader jdk.internal.reflect.DelegatingClassLoader                                      : 68792B
Loader org.gradle.internal.classloader.VisitableURLClassLoader$InstrumentingVisitableURLClassLoader: 18344B
Loader org.codehaus.groovy.runtime.callsite.CallSiteClassLoader                        : 10112B

Classes loaded by more than one classloader:
Class org.gradle.internal.classloader.FilteringClassLoader                            : loaded 2 times (x 103B)
Class org.gradle.internal.classloader.ClassLoaderHierarchy                            : loaded 2 times (x 68B)
Class org.gradle.api.internal.classpath.ManifestUtil                                  : loaded 2 times (x 69B)
Class org.gradle.internal.classloader.DefaultClassLoaderFactory                       : loaded 2 times (x 80B)
Class org.gradle.internal.classloader.ClassLoaderVisitor                              : loaded 2 times (x 74B)
Class org.gradle.api.internal.classpath.EffectiveClassPath                            : loaded 2 times (x 88B)
Class org.gradle.api.internal.DefaultClassPathProvider                                : loaded 2 times (x 74B)
Class [Lorg.gradle.api.internal.ClassPathProvider;                                    : loaded 2 times (x 67B)
Class org.gradle.api.internal.ClassPathProvider                                       : loaded 2 times (x 68B)
Class org.gradle.internal.service.UnknownServiceException                             : loaded 2 times (x 81B)
Class org.gradle.internal.classpath.TransformedClassPath                              : loaded 2 times (x 94B)
Class org.gradle.internal.classloader.InstrumentingClassLoader                        : loaded 2 times (x 68B)
Class org.gradle.internal.service.ServiceLocator                                      : loaded 2 times (x 68B)
Class org.gradle.internal.InternalTransformer                                         : loaded 2 times (x 68B)
Class org.gradle.internal.classloader.ClasspathUtil$1                                 : loaded 2 times (x 74B)
Class org.gradle.api.internal.classpath.DefaultModuleRegistry$DefaultModule           : loaded 2 times (x 84B)
Class org.gradle.api.internal.classpath.Module                                        : loaded 2 times (x 68B)
Class org.gradle.api.internal.classpath.UnknownModuleException                        : loaded 2 times (x 80B)
Class org.gradle.api.internal.DefaultClassPathRegistry                                : loaded 2 times (x 74B)
Class ijKotlinCoroutineJvmDebugInit1_cszqgfscnw6jj0f24nw3cjcob                        : loaded 2 times (x 177B)
Class org.gradle.api.internal.ClassPathRegistry                                       : loaded 2 times (x 68B)
Class org.gradle.internal.classpath.DefaultClassPath$ImmutableUniqueList              : loaded 2 times (x 197B)
Class Settings_gradle$1                                                               : loaded 2 times (x 72B)
Class Program                                                                         : loaded 2 times (x 70B)
Class org.gradle.internal.classpath.ClassPath                                         : loaded 2 times (x 68B)
Class org.gradle.api.UncheckedIOException                                             : loaded 2 times (x 80B)
Class org.gradle.internal.installation.GradleInstallation$1                           : loaded 2 times (x 73B)
Class org.gradle.api.internal.classpath.ModuleRegistry                                : loaded 2 times (x 68B)
Class org.gradle.api.internal.classpath.DefaultModuleRegistry                         : loaded 2 times (x 84B)
Class ijJvmDebugger1_2dz6pz0jwmy6bfy08ouhpragy$_run_closure1                          : loaded 2 times (x 137B)
Class org.gradle.internal.service.ServiceLookupException                              : loaded 2 times (x 80B)
Class org.gradle.internal.classloader.ClassLoaderFactory                              : loaded 2 times (x 68B)
Class org.gradle.internal.service.CachingServiceLocator                               : loaded 2 times (x 80B)
Class org.gradle.internal.classloader.ClasspathUtil                                   : loaded 2 times (x 69B)
Class org.gradle.api.specs.Spec                                                       : loaded 2 times (x 68B)
Class org.gradle.internal.classloader.VisitableURLClassLoader$InstrumentingVisitableURLClassLoader: loaded 2 times (x 121B)
Class org.gradle.internal.classloader.VisitableURLClassLoader$Spec                    : loaded 2 times (x 72B)
Class org.gradle.internal.classpath.DefaultClassPath                                  : loaded 2 times (x 88B)
Class org.gradle.internal.classloader.ClassLoaderSpec                                 : loaded 2 times (x 69B)
Class ijJvmDebugger1_2dz6pz0jwmy6bfy08ouhpragy                                        : loaded 2 times (x 177B)
Class Settings_gradle$1$1                                                             : loaded 2 times (x 72B)
Class org.gradle.internal.classloader.VisitableURLClassLoader                         : loaded 2 times (x 115B)
Class Settings_gradle                                                                 : loaded 2 times (x 126B)
Class org.gradle.internal.Cast                                                        : loaded 2 times (x 69B)
Class org.gradle.api.Action                                                           : loaded 2 times (x 68B)
Class org.gradle.internal.classpath.DefaultClassPath$ImmutableUniqueList$Builder      : loaded 2 times (x 73B)
Class org.gradle.api.GradleException                                                  : loaded 2 times (x 80B)
Class org.gradle.internal.IoActions                                                   : loaded 2 times (x 69B)
Class org.gradle.internal.classloader.SystemClassLoaderSpec                           : loaded 2 times (x 69B)
Class ijKotlinCoroutineJvmDebugInit1_cszqgfscnw6jj0f24nw3cjcob$_run_closure1          : loaded 2 times (x 137B)
Class org.gradle.api.internal.classpath.GlobalCacheRootsProvider                      : loaded 2 times (x 68B)
Class org.gradle.internal.installation.CurrentGradleInstallationLocator               : loaded 2 times (x 69B)
Class org.gradle.internal.service.DefaultServiceLocator                               : loaded 2 times (x 81B)
Class org.gradle.internal.installation.CurrentGradleInstallation                      : loaded 2 times (x 71B)
Class org.gradle.util.internal.GUtil                                                  : loaded 2 times (x 69B)
Class org.gradle.internal.installation.GradleInstallation                             : loaded 2 times (x 73B)

---------------  S Y S T E M  ---------------

OS:
 Windows 11 , 64 bit Build 26100 (10.0.26100.5074)
OS uptime: 0 days 1:28 hours

CPU: total 16 (initial active 16) (16 cores per cpu, 2 threads per core) family 23 model 8 stepping 2 microcode 0x800820e, cx8, cmov, fxsr, ht, mmx, 3dnowpref, sse, sse2, sse3, ssse3, sse4a, sse4.1, sse4.2, popcnt, lzcnt, tsc, tscinvbit, avx, avx2, aes, clmul, bmi1, bmi2, adx, sha, fma, vzeroupper, clflush, clflushopt, rdtscp, f16c
Processor Information for the first 16 processors :
  Max Mhz: 3700, Current Mhz: 3700, Mhz Limit: 3700

Memory: 4k page, system-wide physical 32679M (23638M free)
TotalPageFile size 37799M (AvailPageFile size 27993M)
current process WorkingSet (physical memory assigned to process): 360M, peak: 372M
current process commit charge ("private bytes"): 407M, peak: 660M

vm_info: OpenJDK 64-Bit Server VM (21.0.7+-13880790-b1038.58) for windows-amd64 JRE (21.0.7+-13880790-b1038.58), built on 2025-08-04T20:56:21Z by "builder" with MS VC++ 16.10 / 16.11 (VS2019)

END.
